C:\MUSERVER_DEV\DEVELOPMENT\MU-S8EP2-REPACK\GAMESERVER\RELEASE\ZGAMESERVER.BSC
C:\MUSERVER_DEV\DEVELOPMENT\MU-S8EP2-REPACK\GAMESERVER\RELEASE\ZGAMESERVER.EXE
C:\MUSERVER_DEV\DEVELOPMENT\MU-S8EP2-REPACK\GAMESERVER\RELEASE\ZGAMESERVER.ILK
C:\MUSERVER_DEV\DEVELOPMENT\MU-S8EP2-REPACK\GAMESERVER\RELEASE\ZGAMESERVER.MAP
C:\MUSERVER_DEV\DEVELOPMENT\MU-S8EP2-REPACK\GAMESERVER\RELEASE\ZGAMESERVER.PDB
C:\MUSERVER_DEV\DEVELOPMENT\MU-S8EP2-REPACK\GAMESERVER\SOURCE\RELEASE\ACHERONEVENT.COD
C:\MUSERVER_DEV\DEVELOPMENT\MU-S8EP2-REPACK\GAMESERVER\SOURCE\RELEASE\ACHERONEVENT.OBJ
C:\MUSERVER_DEV\DEVELOPMENT\MU-S8EP2-REPACK\GAMESERVER\SOURCE\RELEASE\ACHERONEVENT.SBR
C:\MUSERVER_DEV\DEVELOPMENT\MU-S8EP2-REPACK\GAMESERVER\SOURCE\RELEASE\ACHIEVEMENTS.COD
C:\MUSERVER_DEV\DEVELOPMENT\MU-S8EP2-REPACK\GAMESERVER\SOURCE\RELEASE\ACHIEVEMENTS.OBJ
C:\MUSERVER_DEV\DEVELOPMENT\MU-S8EP2-REPACK\GAMESERVER\SOURCE\RELEASE\ACHIEVEMENTS.SBR
C:\MUSERVER_DEV\DEVELOPMENT\MU-S8EP2-REPACK\GAMESERVER\SOURCE\RELEASE\ARCABATTLE.COD
C:\MUSERVER_DEV\DEVELOPMENT\MU-S8EP2-REPACK\GAMESERVER\SOURCE\RELEASE\ARCABATTLE.OBJ
C:\MUSERVER_DEV\DEVELOPMENT\MU-S8EP2-REPACK\GAMESERVER\SOURCE\RELEASE\ARCABATTLE.SBR
C:\MUSERVER_DEV\DEVELOPMENT\MU-S8EP2-REPACK\GAMESERVER\SOURCE\RELEASE\ATTACKEVENT.COD
C:\MUSERVER_DEV\DEVELOPMENT\MU-S8EP2-REPACK\GAMESERVER\SOURCE\RELEASE\ATTACKEVENT.OBJ
C:\MUSERVER_DEV\DEVELOPMENT\MU-S8EP2-REPACK\GAMESERVER\SOURCE\RELEASE\ATTACKEVENT.SBR
C:\MUSERVER_DEV\DEVELOPMENT\MU-S8EP2-REPACK\GAMESERVER\SOURCE\RELEASE\BATTLEGROUND.COD
C:\MUSERVER_DEV\DEVELOPMENT\MU-S8EP2-REPACK\GAMESERVER\SOURCE\RELEASE\BATTLEGROUND.OBJ
C:\MUSERVER_DEV\DEVELOPMENT\MU-S8EP2-REPACK\GAMESERVER\SOURCE\RELEASE\BATTLEGROUND.SBR
C:\MUSERVER_DEV\DEVELOPMENT\MU-S8EP2-REPACK\GAMESERVER\SOURCE\RELEASE\BATTLESOCCER.COD
C:\MUSERVER_DEV\DEVELOPMENT\MU-S8EP2-REPACK\GAMESERVER\SOURCE\RELEASE\BATTLESOCCER.OBJ
C:\MUSERVER_DEV\DEVELOPMENT\MU-S8EP2-REPACK\GAMESERVER\SOURCE\RELEASE\BATTLESOCCER.SBR
C:\MUSERVER_DEV\DEVELOPMENT\MU-S8EP2-REPACK\GAMESERVER\SOURCE\RELEASE\BATTLESOCCERMANAGER.COD
C:\MUSERVER_DEV\DEVELOPMENT\MU-S8EP2-REPACK\GAMESERVER\SOURCE\RELEASE\BATTLESOCCERMANAGER.OBJ
C:\MUSERVER_DEV\DEVELOPMENT\MU-S8EP2-REPACK\GAMESERVER\SOURCE\RELEASE\BATTLESOCCERMANAGER.SBR
C:\MUSERVER_DEV\DEVELOPMENT\MU-S8EP2-REPACK\GAMESERVER\SOURCE\RELEASE\BLOODCASTLE.COD
C:\MUSERVER_DEV\DEVELOPMENT\MU-S8EP2-REPACK\GAMESERVER\SOURCE\RELEASE\BLOODCASTLE.OBJ
C:\MUSERVER_DEV\DEVELOPMENT\MU-S8EP2-REPACK\GAMESERVER\SOURCE\RELEASE\BLOODCASTLE.SBR
C:\muserver_dev\development\MU-S8EP2-Repack\GameServer\Source\Release\BscMake.command.1.tlog
C:\muserver_dev\development\MU-S8EP2-Repack\GameServer\Source\Release\bscmake.read.1.tlog
C:\muserver_dev\development\MU-S8EP2-Repack\GameServer\Source\Release\bscmake.write.1.tlog
C:\MUSERVER_DEV\DEVELOPMENT\MU-S8EP2-REPACK\GAMESERVER\SOURCE\RELEASE\BUFFEFFECT.COD
C:\MUSERVER_DEV\DEVELOPMENT\MU-S8EP2-REPACK\GAMESERVER\SOURCE\RELEASE\BUFFEFFECT.OBJ
C:\MUSERVER_DEV\DEVELOPMENT\MU-S8EP2-REPACK\GAMESERVER\SOURCE\RELEASE\BUFFEFFECT.SBR
C:\MUSERVER_DEV\DEVELOPMENT\MU-S8EP2-REPACK\GAMESERVER\SOURCE\RELEASE\BUFFEFFECTSLOT.COD
C:\MUSERVER_DEV\DEVELOPMENT\MU-S8EP2-REPACK\GAMESERVER\SOURCE\RELEASE\BUFFEFFECTSLOT.OBJ
C:\MUSERVER_DEV\DEVELOPMENT\MU-S8EP2-REPACK\GAMESERVER\SOURCE\RELEASE\BUFFEFFECTSLOT.SBR
C:\MUSERVER_DEV\DEVELOPMENT\MU-S8EP2-REPACK\GAMESERVER\SOURCE\RELEASE\BUFFSCRIPTLOADER.COD
C:\MUSERVER_DEV\DEVELOPMENT\MU-S8EP2-REPACK\GAMESERVER\SOURCE\RELEASE\BUFFSCRIPTLOADER.OBJ
C:\MUSERVER_DEV\DEVELOPMENT\MU-S8EP2-REPACK\GAMESERVER\SOURCE\RELEASE\BUFFSCRIPTLOADER.SBR
C:\MUSERVER_DEV\DEVELOPMENT\MU-S8EP2-REPACK\GAMESERVER\SOURCE\RELEASE\BUFFSKILLEFFECT.COD
C:\MUSERVER_DEV\DEVELOPMENT\MU-S8EP2-REPACK\GAMESERVER\SOURCE\RELEASE\BUFFSKILLEFFECT.OBJ
C:\MUSERVER_DEV\DEVELOPMENT\MU-S8EP2-REPACK\GAMESERVER\SOURCE\RELEASE\BUFFSKILLEFFECT.SBR
C:\MUSERVER_DEV\DEVELOPMENT\MU-S8EP2-REPACK\GAMESERVER\SOURCE\RELEASE\CALLSTACKTRACE.COD
C:\MUSERVER_DEV\DEVELOPMENT\MU-S8EP2-REPACK\GAMESERVER\SOURCE\RELEASE\CALLSTACKTRACE.OBJ
C:\MUSERVER_DEV\DEVELOPMENT\MU-S8EP2-REPACK\GAMESERVER\SOURCE\RELEASE\CALLSTACKTRACE.SBR
C:\MUSERVER_DEV\DEVELOPMENT\MU-S8EP2-REPACK\GAMESERVER\SOURCE\RELEASE\CANNONTOWER.COD
C:\MUSERVER_DEV\DEVELOPMENT\MU-S8EP2-REPACK\GAMESERVER\SOURCE\RELEASE\CANNONTOWER.OBJ
C:\MUSERVER_DEV\DEVELOPMENT\MU-S8EP2-REPACK\GAMESERVER\SOURCE\RELEASE\CANNONTOWER.SBR
C:\MUSERVER_DEV\DEVELOPMENT\MU-S8EP2-REPACK\GAMESERVER\SOURCE\RELEASE\CASHITEMPERIODSYSTEM.COD
C:\MUSERVER_DEV\DEVELOPMENT\MU-S8EP2-REPACK\GAMESERVER\SOURCE\RELEASE\CASHITEMPERIODSYSTEM.OBJ
C:\MUSERVER_DEV\DEVELOPMENT\MU-S8EP2-REPACK\GAMESERVER\SOURCE\RELEASE\CASHITEMPERIODSYSTEM.SBR
C:\MUSERVER_DEV\DEVELOPMENT\MU-S8EP2-REPACK\GAMESERVER\SOURCE\RELEASE\CASHLOTTERYSYSTEM.COD
C:\MUSERVER_DEV\DEVELOPMENT\MU-S8EP2-REPACK\GAMESERVER\SOURCE\RELEASE\CASHLOTTERYSYSTEM.OBJ
C:\MUSERVER_DEV\DEVELOPMENT\MU-S8EP2-REPACK\GAMESERVER\SOURCE\RELEASE\CASHLOTTERYSYSTEM.SBR
C:\MUSERVER_DEV\DEVELOPMENT\MU-S8EP2-REPACK\GAMESERVER\SOURCE\RELEASE\CASHSHOP.COD
C:\MUSERVER_DEV\DEVELOPMENT\MU-S8EP2-REPACK\GAMESERVER\SOURCE\RELEASE\CASHSHOP.OBJ
C:\MUSERVER_DEV\DEVELOPMENT\MU-S8EP2-REPACK\GAMESERVER\SOURCE\RELEASE\CASHSHOP.SBR
C:\MUSERVER_DEV\DEVELOPMENT\MU-S8EP2-REPACK\GAMESERVER\SOURCE\RELEASE\CASTLECROWN.COD
C:\MUSERVER_DEV\DEVELOPMENT\MU-S8EP2-REPACK\GAMESERVER\SOURCE\RELEASE\CASTLECROWN.OBJ
C:\MUSERVER_DEV\DEVELOPMENT\MU-S8EP2-REPACK\GAMESERVER\SOURCE\RELEASE\CASTLECROWN.SBR
C:\MUSERVER_DEV\DEVELOPMENT\MU-S8EP2-REPACK\GAMESERVER\SOURCE\RELEASE\CASTLECROWNSWITCH.COD
C:\MUSERVER_DEV\DEVELOPMENT\MU-S8EP2-REPACK\GAMESERVER\SOURCE\RELEASE\CASTLECROWNSWITCH.OBJ
C:\MUSERVER_DEV\DEVELOPMENT\MU-S8EP2-REPACK\GAMESERVER\SOURCE\RELEASE\CASTLECROWNSWITCH.SBR
C:\MUSERVER_DEV\DEVELOPMENT\MU-S8EP2-REPACK\GAMESERVER\SOURCE\RELEASE\CASTLEDEEPEVENT.COD
C:\MUSERVER_DEV\DEVELOPMENT\MU-S8EP2-REPACK\GAMESERVER\SOURCE\RELEASE\CASTLEDEEPEVENT.OBJ
C:\MUSERVER_DEV\DEVELOPMENT\MU-S8EP2-REPACK\GAMESERVER\SOURCE\RELEASE\CASTLEDEEPEVENT.SBR
C:\MUSERVER_DEV\DEVELOPMENT\MU-S8EP2-REPACK\GAMESERVER\SOURCE\RELEASE\CASTLESIEGE.COD
C:\MUSERVER_DEV\DEVELOPMENT\MU-S8EP2-REPACK\GAMESERVER\SOURCE\RELEASE\CASTLESIEGE.OBJ
C:\MUSERVER_DEV\DEVELOPMENT\MU-S8EP2-REPACK\GAMESERVER\SOURCE\RELEASE\CASTLESIEGE.SBR
C:\MUSERVER_DEV\DEVELOPMENT\MU-S8EP2-REPACK\GAMESERVER\SOURCE\RELEASE\CASTLESIEGESYNC.COD
C:\MUSERVER_DEV\DEVELOPMENT\MU-S8EP2-REPACK\GAMESERVER\SOURCE\RELEASE\CASTLESIEGESYNC.OBJ
C:\MUSERVER_DEV\DEVELOPMENT\MU-S8EP2-REPACK\GAMESERVER\SOURCE\RELEASE\CASTLESIEGESYNC.SBR
C:\MUSERVER_DEV\DEVELOPMENT\MU-S8EP2-REPACK\GAMESERVER\SOURCE\RELEASE\CHAOSBOX.COD
C:\MUSERVER_DEV\DEVELOPMENT\MU-S8EP2-REPACK\GAMESERVER\SOURCE\RELEASE\CHAOSBOX.OBJ
C:\MUSERVER_DEV\DEVELOPMENT\MU-S8EP2-REPACK\GAMESERVER\SOURCE\RELEASE\CHAOSBOX.SBR
C:\MUSERVER_DEV\DEVELOPMENT\MU-S8EP2-REPACK\GAMESERVER\SOURCE\RELEASE\CHAOSCASTLE.COD
C:\MUSERVER_DEV\DEVELOPMENT\MU-S8EP2-REPACK\GAMESERVER\SOURCE\RELEASE\CHAOSCASTLE.OBJ
C:\MUSERVER_DEV\DEVELOPMENT\MU-S8EP2-REPACK\GAMESERVER\SOURCE\RELEASE\CHAOSCASTLE.SBR
C:\MUSERVER_DEV\DEVELOPMENT\MU-S8EP2-REPACK\GAMESERVER\SOURCE\RELEASE\CHAOSMACHINEMANAGER.COD
C:\MUSERVER_DEV\DEVELOPMENT\MU-S8EP2-REPACK\GAMESERVER\SOURCE\RELEASE\CHAOSMACHINEMANAGER.OBJ
C:\MUSERVER_DEV\DEVELOPMENT\MU-S8EP2-REPACK\GAMESERVER\SOURCE\RELEASE\CHAOSMACHINEMANAGER.SBR
C:\MUSERVER_DEV\DEVELOPMENT\MU-S8EP2-REPACK\GAMESERVER\SOURCE\RELEASE\CHEATGUARD.COD
C:\MUSERVER_DEV\DEVELOPMENT\MU-S8EP2-REPACK\GAMESERVER\SOURCE\RELEASE\CHEATGUARD.OBJ
C:\MUSERVER_DEV\DEVELOPMENT\MU-S8EP2-REPACK\GAMESERVER\SOURCE\RELEASE\CHEATGUARD.SBR
C:\muserver_dev\development\MU-S8EP2-Repack\GameServer\Source\Release\cl.command.1.tlog
C:\muserver_dev\development\MU-S8EP2-Repack\GameServer\Source\Release\CL.read.1.tlog
C:\muserver_dev\development\MU-S8EP2-Repack\GameServer\Source\Release\CL.write.1.tlog
C:\MUSERVER_DEV\DEVELOPMENT\MU-S8EP2-REPACK\GAMESERVER\SOURCE\RELEASE\CLASSCALC.COD
C:\MUSERVER_DEV\DEVELOPMENT\MU-S8EP2-REPACK\GAMESERVER\SOURCE\RELEASE\CLASSCALC.OBJ
C:\MUSERVER_DEV\DEVELOPMENT\MU-S8EP2-REPACK\GAMESERVER\SOURCE\RELEASE\CLASSCALC.SBR
C:\MUSERVER_DEV\DEVELOPMENT\MU-S8EP2-REPACK\GAMESERVER\SOURCE\RELEASE\CLASSDEF.COD
C:\MUSERVER_DEV\DEVELOPMENT\MU-S8EP2-REPACK\GAMESERVER\SOURCE\RELEASE\CLASSDEF.OBJ
C:\MUSERVER_DEV\DEVELOPMENT\MU-S8EP2-REPACK\GAMESERVER\SOURCE\RELEASE\CLASSDEF.SBR
C:\MUSERVER_DEV\DEVELOPMENT\MU-S8EP2-REPACK\GAMESERVER\SOURCE\RELEASE\CLOGINCOUNT.COD
C:\MUSERVER_DEV\DEVELOPMENT\MU-S8EP2-REPACK\GAMESERVER\SOURCE\RELEASE\CLOGINCOUNT.OBJ
C:\MUSERVER_DEV\DEVELOPMENT\MU-S8EP2-REPACK\GAMESERVER\SOURCE\RELEASE\CLOGINCOUNT.SBR
C:\MUSERVER_DEV\DEVELOPMENT\MU-S8EP2-REPACK\GAMESERVER\SOURCE\RELEASE\CLOSEPLAYER.COD
C:\MUSERVER_DEV\DEVELOPMENT\MU-S8EP2-REPACK\GAMESERVER\SOURCE\RELEASE\CLOSEPLAYER.OBJ
C:\MUSERVER_DEV\DEVELOPMENT\MU-S8EP2-REPACK\GAMESERVER\SOURCE\RELEASE\CLOSEPLAYER.SBR
C:\MUSERVER_DEV\DEVELOPMENT\MU-S8EP2-REPACK\GAMESERVER\SOURCE\RELEASE\COMBOATTACK.COD
C:\MUSERVER_DEV\DEVELOPMENT\MU-S8EP2-REPACK\GAMESERVER\SOURCE\RELEASE\COMBOATTACK.OBJ
C:\MUSERVER_DEV\DEVELOPMENT\MU-S8EP2-REPACK\GAMESERVER\SOURCE\RELEASE\COMBOATTACK.SBR
C:\MUSERVER_DEV\DEVELOPMENT\MU-S8EP2-REPACK\GAMESERVER\SOURCE\RELEASE\COMMANDMANAGER.COD
C:\MUSERVER_DEV\DEVELOPMENT\MU-S8EP2-REPACK\GAMESERVER\SOURCE\RELEASE\COMMANDMANAGER.OBJ
C:\MUSERVER_DEV\DEVELOPMENT\MU-S8EP2-REPACK\GAMESERVER\SOURCE\RELEASE\COMMANDMANAGER.SBR
C:\MUSERVER_DEV\DEVELOPMENT\MU-S8EP2-REPACK\GAMESERVER\SOURCE\RELEASE\CONMEMBER.COD
C:\MUSERVER_DEV\DEVELOPMENT\MU-S8EP2-REPACK\GAMESERVER\SOURCE\RELEASE\CONMEMBER.OBJ
C:\MUSERVER_DEV\DEVELOPMENT\MU-S8EP2-REPACK\GAMESERVER\SOURCE\RELEASE\CONMEMBER.SBR
C:\MUSERVER_DEV\DEVELOPMENT\MU-S8EP2-REPACK\GAMESERVER\SOURCE\RELEASE\CRYWOLF.COD
C:\MUSERVER_DEV\DEVELOPMENT\MU-S8EP2-REPACK\GAMESERVER\SOURCE\RELEASE\CRYWOLF.OBJ
C:\MUSERVER_DEV\DEVELOPMENT\MU-S8EP2-REPACK\GAMESERVER\SOURCE\RELEASE\CRYWOLF.SBR
C:\MUSERVER_DEV\DEVELOPMENT\MU-S8EP2-REPACK\GAMESERVER\SOURCE\RELEASE\CRYWOLFALTAR.COD
C:\MUSERVER_DEV\DEVELOPMENT\MU-S8EP2-REPACK\GAMESERVER\SOURCE\RELEASE\CRYWOLFALTAR.OBJ
C:\MUSERVER_DEV\DEVELOPMENT\MU-S8EP2-REPACK\GAMESERVER\SOURCE\RELEASE\CRYWOLFALTAR.SBR
C:\MUSERVER_DEV\DEVELOPMENT\MU-S8EP2-REPACK\GAMESERVER\SOURCE\RELEASE\CRYWOLFDARKELF.COD
C:\MUSERVER_DEV\DEVELOPMENT\MU-S8EP2-REPACK\GAMESERVER\SOURCE\RELEASE\CRYWOLFDARKELF.OBJ
C:\MUSERVER_DEV\DEVELOPMENT\MU-S8EP2-REPACK\GAMESERVER\SOURCE\RELEASE\CRYWOLFDARKELF.SBR
C:\MUSERVER_DEV\DEVELOPMENT\MU-S8EP2-REPACK\GAMESERVER\SOURCE\RELEASE\CRYWOLFMONSTER.COD
C:\MUSERVER_DEV\DEVELOPMENT\MU-S8EP2-REPACK\GAMESERVER\SOURCE\RELEASE\CRYWOLFMONSTER.OBJ
C:\MUSERVER_DEV\DEVELOPMENT\MU-S8EP2-REPACK\GAMESERVER\SOURCE\RELEASE\CRYWOLFMONSTER.SBR
C:\MUSERVER_DEV\DEVELOPMENT\MU-S8EP2-REPACK\GAMESERVER\SOURCE\RELEASE\CRYWOLFSTATETIMEINFO.COD
C:\MUSERVER_DEV\DEVELOPMENT\MU-S8EP2-REPACK\GAMESERVER\SOURCE\RELEASE\CRYWOLFSTATETIMEINFO.OBJ
C:\MUSERVER_DEV\DEVELOPMENT\MU-S8EP2-REPACK\GAMESERVER\SOURCE\RELEASE\CRYWOLFSTATETIMEINFO.SBR
C:\MUSERVER_DEV\DEVELOPMENT\MU-S8EP2-REPACK\GAMESERVER\SOURCE\RELEASE\CRYWOLFSTATUE.COD
C:\MUSERVER_DEV\DEVELOPMENT\MU-S8EP2-REPACK\GAMESERVER\SOURCE\RELEASE\CRYWOLFSTATUE.OBJ
C:\MUSERVER_DEV\DEVELOPMENT\MU-S8EP2-REPACK\GAMESERVER\SOURCE\RELEASE\CRYWOLFSTATUE.SBR
C:\MUSERVER_DEV\DEVELOPMENT\MU-S8EP2-REPACK\GAMESERVER\SOURCE\RELEASE\CRYWOLFSYNC.COD
C:\MUSERVER_DEV\DEVELOPMENT\MU-S8EP2-REPACK\GAMESERVER\SOURCE\RELEASE\CRYWOLFSYNC.OBJ
C:\MUSERVER_DEV\DEVELOPMENT\MU-S8EP2-REPACK\GAMESERVER\SOURCE\RELEASE\CRYWOLFSYNC.SBR
C:\MUSERVER_DEV\DEVELOPMENT\MU-S8EP2-REPACK\GAMESERVER\SOURCE\RELEASE\CRYWOLFTANKER.COD
C:\MUSERVER_DEV\DEVELOPMENT\MU-S8EP2-REPACK\GAMESERVER\SOURCE\RELEASE\CRYWOLFTANKER.OBJ
C:\MUSERVER_DEV\DEVELOPMENT\MU-S8EP2-REPACK\GAMESERVER\SOURCE\RELEASE\CRYWOLFTANKER.SBR
C:\MUSERVER_DEV\DEVELOPMENT\MU-S8EP2-REPACK\GAMESERVER\SOURCE\RELEASE\CRYWOLFUTIL.COD
C:\MUSERVER_DEV\DEVELOPMENT\MU-S8EP2-REPACK\GAMESERVER\SOURCE\RELEASE\CRYWOLFUTIL.OBJ
C:\MUSERVER_DEV\DEVELOPMENT\MU-S8EP2-REPACK\GAMESERVER\SOURCE\RELEASE\CRYWOLFUTIL.SBR
C:\MUSERVER_DEV\DEVELOPMENT\MU-S8EP2-REPACK\GAMESERVER\SOURCE\RELEASE\CUSTOMMANAGER.COD
C:\MUSERVER_DEV\DEVELOPMENT\MU-S8EP2-REPACK\GAMESERVER\SOURCE\RELEASE\CUSTOMMANAGER.OBJ
C:\MUSERVER_DEV\DEVELOPMENT\MU-S8EP2-REPACK\GAMESERVER\SOURCE\RELEASE\CUSTOMMANAGER.SBR
C:\MUSERVER_DEV\DEVELOPMENT\MU-S8EP2-REPACK\GAMESERVER\SOURCE\RELEASE\CWHATSUPDUMMYSERVER.COD
C:\MUSERVER_DEV\DEVELOPMENT\MU-S8EP2-REPACK\GAMESERVER\SOURCE\RELEASE\CWHATSUPDUMMYSERVER.OBJ
C:\MUSERVER_DEV\DEVELOPMENT\MU-S8EP2-REPACK\GAMESERVER\SOURCE\RELEASE\CWHATSUPDUMMYSERVER.SBR
C:\MUSERVER_DEV\DEVELOPMENT\MU-S8EP2-REPACK\GAMESERVER\SOURCE\RELEASE\DARKSPIRIT.COD
C:\MUSERVER_DEV\DEVELOPMENT\MU-S8EP2-REPACK\GAMESERVER\SOURCE\RELEASE\DARKSPIRIT.OBJ
C:\MUSERVER_DEV\DEVELOPMENT\MU-S8EP2-REPACK\GAMESERVER\SOURCE\RELEASE\DARKSPIRIT.SBR
C:\MUSERVER_DEV\DEVELOPMENT\MU-S8EP2-REPACK\GAMESERVER\SOURCE\RELEASE\DBSAVE.COD
C:\MUSERVER_DEV\DEVELOPMENT\MU-S8EP2-REPACK\GAMESERVER\SOURCE\RELEASE\DBSAVE.OBJ
C:\MUSERVER_DEV\DEVELOPMENT\MU-S8EP2-REPACK\GAMESERVER\SOURCE\RELEASE\DBSAVE.SBR
C:\MUSERVER_DEV\DEVELOPMENT\MU-S8EP2-REPACK\GAMESERVER\SOURCE\RELEASE\DBSOCKMNG.COD
C:\MUSERVER_DEV\DEVELOPMENT\MU-S8EP2-REPACK\GAMESERVER\SOURCE\RELEASE\DBSOCKMNG.OBJ
C:\MUSERVER_DEV\DEVELOPMENT\MU-S8EP2-REPACK\GAMESERVER\SOURCE\RELEASE\DBSOCKMNG.SBR
C:\MUSERVER_DEV\DEVELOPMENT\MU-S8EP2-REPACK\GAMESERVER\SOURCE\RELEASE\DEVILSQUARE.COD
C:\MUSERVER_DEV\DEVELOPMENT\MU-S8EP2-REPACK\GAMESERVER\SOURCE\RELEASE\DEVILSQUARE.OBJ
C:\MUSERVER_DEV\DEVELOPMENT\MU-S8EP2-REPACK\GAMESERVER\SOURCE\RELEASE\DEVILSQUARE.SBR
C:\MUSERVER_DEV\DEVELOPMENT\MU-S8EP2-REPACK\GAMESERVER\SOURCE\RELEASE\DEVILSQUAREGROUND.COD
C:\MUSERVER_DEV\DEVELOPMENT\MU-S8EP2-REPACK\GAMESERVER\SOURCE\RELEASE\DEVILSQUAREGROUND.OBJ
C:\MUSERVER_DEV\DEVELOPMENT\MU-S8EP2-REPACK\GAMESERVER\SOURCE\RELEASE\DEVILSQUAREGROUND.SBR
C:\MUSERVER_DEV\DEVELOPMENT\MU-S8EP2-REPACK\GAMESERVER\SOURCE\RELEASE\DIRPATH.COD
C:\MUSERVER_DEV\DEVELOPMENT\MU-S8EP2-REPACK\GAMESERVER\SOURCE\RELEASE\DIRPATH.OBJ
C:\MUSERVER_DEV\DEVELOPMENT\MU-S8EP2-REPACK\GAMESERVER\SOURCE\RELEASE\DIRPATH.SBR
C:\MUSERVER_DEV\DEVELOPMENT\MU-S8EP2-REPACK\GAMESERVER\SOURCE\RELEASE\DOUBLEGOEREVENT.COD
C:\MUSERVER_DEV\DEVELOPMENT\MU-S8EP2-REPACK\GAMESERVER\SOURCE\RELEASE\DOUBLEGOEREVENT.OBJ
C:\MUSERVER_DEV\DEVELOPMENT\MU-S8EP2-REPACK\GAMESERVER\SOURCE\RELEASE\DOUBLEGOEREVENT.SBR
C:\MUSERVER_DEV\DEVELOPMENT\MU-S8EP2-REPACK\GAMESERVER\SOURCE\RELEASE\DRAGONEVENT.COD
C:\MUSERVER_DEV\DEVELOPMENT\MU-S8EP2-REPACK\GAMESERVER\SOURCE\RELEASE\DRAGONEVENT.OBJ
C:\MUSERVER_DEV\DEVELOPMENT\MU-S8EP2-REPACK\GAMESERVER\SOURCE\RELEASE\DRAGONEVENT.SBR
C:\MUSERVER_DEV\DEVELOPMENT\MU-S8EP2-REPACK\GAMESERVER\SOURCE\RELEASE\DSPROTOCOL.COD
C:\MUSERVER_DEV\DEVELOPMENT\MU-S8EP2-REPACK\GAMESERVER\SOURCE\RELEASE\DSPROTOCOL.OBJ
C:\MUSERVER_DEV\DEVELOPMENT\MU-S8EP2-REPACK\GAMESERVER\SOURCE\RELEASE\DSPROTOCOL.SBR
C:\MUSERVER_DEV\DEVELOPMENT\MU-S8EP2-REPACK\GAMESERVER\SOURCE\RELEASE\DUMMYTARGET.COD
C:\MUSERVER_DEV\DEVELOPMENT\MU-S8EP2-REPACK\GAMESERVER\SOURCE\RELEASE\DUMMYTARGET.OBJ
C:\MUSERVER_DEV\DEVELOPMENT\MU-S8EP2-REPACK\GAMESERVER\SOURCE\RELEASE\DUMMYTARGET.SBR
C:\MUSERVER_DEV\DEVELOPMENT\MU-S8EP2-REPACK\GAMESERVER\SOURCE\RELEASE\EDSPROTOCOL.COD
C:\MUSERVER_DEV\DEVELOPMENT\MU-S8EP2-REPACK\GAMESERVER\SOURCE\RELEASE\EDSPROTOCOL.OBJ
C:\MUSERVER_DEV\DEVELOPMENT\MU-S8EP2-REPACK\GAMESERVER\SOURCE\RELEASE\EDSPROTOCOL.SBR
C:\MUSERVER_DEV\DEVELOPMENT\MU-S8EP2-REPACK\GAMESERVER\SOURCE\RELEASE\ELEDORADOEVENT.COD
C:\MUSERVER_DEV\DEVELOPMENT\MU-S8EP2-REPACK\GAMESERVER\SOURCE\RELEASE\ELEDORADOEVENT.OBJ
C:\MUSERVER_DEV\DEVELOPMENT\MU-S8EP2-REPACK\GAMESERVER\SOURCE\RELEASE\ELEDORADOEVENT.SBR
C:\MUSERVER_DEV\DEVELOPMENT\MU-S8EP2-REPACK\GAMESERVER\SOURCE\RELEASE\ELEMENTALSYSTEM.COD
C:\MUSERVER_DEV\DEVELOPMENT\MU-S8EP2-REPACK\GAMESERVER\SOURCE\RELEASE\ELEMENTALSYSTEM.OBJ
C:\MUSERVER_DEV\DEVELOPMENT\MU-S8EP2-REPACK\GAMESERVER\SOURCE\RELEASE\ELEMENTALSYSTEM.SBR
C:\MUSERVER_DEV\DEVELOPMENT\MU-S8EP2-REPACK\GAMESERVER\SOURCE\RELEASE\EVENT.COD
C:\MUSERVER_DEV\DEVELOPMENT\MU-S8EP2-REPACK\GAMESERVER\SOURCE\RELEASE\EVENT.OBJ
C:\MUSERVER_DEV\DEVELOPMENT\MU-S8EP2-REPACK\GAMESERVER\SOURCE\RELEASE\EVENT.SBR
C:\MUSERVER_DEV\DEVELOPMENT\MU-S8EP2-REPACK\GAMESERVER\SOURCE\RELEASE\EVENTITEMBAG.COD
C:\MUSERVER_DEV\DEVELOPMENT\MU-S8EP2-REPACK\GAMESERVER\SOURCE\RELEASE\EVENTITEMBAG.OBJ
C:\MUSERVER_DEV\DEVELOPMENT\MU-S8EP2-REPACK\GAMESERVER\SOURCE\RELEASE\EVENTITEMBAG.SBR
C:\MUSERVER_DEV\DEVELOPMENT\MU-S8EP2-REPACK\GAMESERVER\SOURCE\RELEASE\EVENTMANAGEMENT.COD
C:\MUSERVER_DEV\DEVELOPMENT\MU-S8EP2-REPACK\GAMESERVER\SOURCE\RELEASE\EVENTMANAGEMENT.OBJ
C:\MUSERVER_DEV\DEVELOPMENT\MU-S8EP2-REPACK\GAMESERVER\SOURCE\RELEASE\EVENTMANAGEMENT.SBR
C:\MUSERVER_DEV\DEVELOPMENT\MU-S8EP2-REPACK\GAMESERVER\SOURCE\RELEASE\EXPOINT.COD
C:\MUSERVER_DEV\DEVELOPMENT\MU-S8EP2-REPACK\GAMESERVER\SOURCE\RELEASE\EXPOINT.OBJ
C:\MUSERVER_DEV\DEVELOPMENT\MU-S8EP2-REPACK\GAMESERVER\SOURCE\RELEASE\EXPOINT.SBR
C:\MUSERVER_DEV\DEVELOPMENT\MU-S8EP2-REPACK\GAMESERVER\SOURCE\RELEASE\EXTRACLASSBALANCE.COD
C:\MUSERVER_DEV\DEVELOPMENT\MU-S8EP2-REPACK\GAMESERVER\SOURCE\RELEASE\EXTRACLASSBALANCE.OBJ
C:\MUSERVER_DEV\DEVELOPMENT\MU-S8EP2-REPACK\GAMESERVER\SOURCE\RELEASE\EXTRACLASSBALANCE.SBR
C:\MUSERVER_DEV\DEVELOPMENT\MU-S8EP2-REPACK\GAMESERVER\SOURCE\RELEASE\GAMBLING.COD
C:\MUSERVER_DEV\DEVELOPMENT\MU-S8EP2-REPACK\GAMESERVER\SOURCE\RELEASE\GAMBLING.OBJ
C:\MUSERVER_DEV\DEVELOPMENT\MU-S8EP2-REPACK\GAMESERVER\SOURCE\RELEASE\GAMBLING.SBR
C:\MUSERVER_DEV\DEVELOPMENT\MU-S8EP2-REPACK\GAMESERVER\SOURCE\RELEASE\GAMEEVENT.COD
C:\MUSERVER_DEV\DEVELOPMENT\MU-S8EP2-REPACK\GAMESERVER\SOURCE\RELEASE\GAMEEVENT.OBJ
C:\MUSERVER_DEV\DEVELOPMENT\MU-S8EP2-REPACK\GAMESERVER\SOURCE\RELEASE\GAMEEVENT.SBR
C:\MUSERVER_DEV\DEVELOPMENT\MU-S8EP2-REPACK\GAMESERVER\SOURCE\RELEASE\GAMEMAIN.COD
C:\MUSERVER_DEV\DEVELOPMENT\MU-S8EP2-REPACK\GAMESERVER\SOURCE\RELEASE\GAMEMAIN.OBJ
C:\MUSERVER_DEV\DEVELOPMENT\MU-S8EP2-REPACK\GAMESERVER\SOURCE\RELEASE\GAMEMAIN.SBR
C:\MUSERVER_DEV\DEVELOPMENT\MU-S8EP2-REPACK\GAMESERVER\SOURCE\RELEASE\GAMESERVER.COD
C:\MUSERVER_DEV\DEVELOPMENT\MU-S8EP2-REPACK\GAMESERVER\SOURCE\RELEASE\GAMESERVER.OBJ
C:\MUSERVER_DEV\DEVELOPMENT\MU-S8EP2-REPACK\GAMESERVER\SOURCE\RELEASE\GAMESERVER.RES
C:\MUSERVER_DEV\DEVELOPMENT\MU-S8EP2-REPACK\GAMESERVER\SOURCE\RELEASE\GAMESERVER.SBR
C:\muserver_dev\development\MU-S8EP2-Repack\GameServer\Source\Release\GameServer.vcxprojResolveAssemblyReference.cache
C:\MUSERVER_DEV\DEVELOPMENT\MU-S8EP2-REPACK\GAMESERVER\SOURCE\RELEASE\GATE.COD
C:\MUSERVER_DEV\DEVELOPMENT\MU-S8EP2-REPACK\GAMESERVER\SOURCE\RELEASE\GATE.OBJ
C:\MUSERVER_DEV\DEVELOPMENT\MU-S8EP2-REPACK\GAMESERVER\SOURCE\RELEASE\GATE.SBR
C:\MUSERVER_DEV\DEVELOPMENT\MU-S8EP2-REPACK\GAMESERVER\SOURCE\RELEASE\GIOCP.COD
C:\MUSERVER_DEV\DEVELOPMENT\MU-S8EP2-REPACK\GAMESERVER\SOURCE\RELEASE\GIOCP.OBJ
C:\MUSERVER_DEV\DEVELOPMENT\MU-S8EP2-REPACK\GAMESERVER\SOURCE\RELEASE\GIOCP.SBR
C:\MUSERVER_DEV\DEVELOPMENT\MU-S8EP2-REPACK\GAMESERVER\SOURCE\RELEASE\GOBJMONSTER.COD
C:\MUSERVER_DEV\DEVELOPMENT\MU-S8EP2-REPACK\GAMESERVER\SOURCE\RELEASE\GOBJMONSTER.OBJ
C:\MUSERVER_DEV\DEVELOPMENT\MU-S8EP2-REPACK\GAMESERVER\SOURCE\RELEASE\GOBJMONSTER.SBR
C:\MUSERVER_DEV\DEVELOPMENT\MU-S8EP2-REPACK\GAMESERVER\SOURCE\RELEASE\GUARDIAN.COD
C:\MUSERVER_DEV\DEVELOPMENT\MU-S8EP2-REPACK\GAMESERVER\SOURCE\RELEASE\GUARDIAN.OBJ
C:\MUSERVER_DEV\DEVELOPMENT\MU-S8EP2-REPACK\GAMESERVER\SOURCE\RELEASE\GUARDIAN.SBR
C:\MUSERVER_DEV\DEVELOPMENT\MU-S8EP2-REPACK\GAMESERVER\SOURCE\RELEASE\GUARDIANSTATUE.COD
C:\MUSERVER_DEV\DEVELOPMENT\MU-S8EP2-REPACK\GAMESERVER\SOURCE\RELEASE\GUARDIANSTATUE.OBJ
C:\MUSERVER_DEV\DEVELOPMENT\MU-S8EP2-REPACK\GAMESERVER\SOURCE\RELEASE\GUARDIANSTATUE.SBR
C:\MUSERVER_DEV\DEVELOPMENT\MU-S8EP2-REPACK\GAMESERVER\SOURCE\RELEASE\GUILDCLASS.COD
C:\MUSERVER_DEV\DEVELOPMENT\MU-S8EP2-REPACK\GAMESERVER\SOURCE\RELEASE\GUILDCLASS.OBJ
C:\MUSERVER_DEV\DEVELOPMENT\MU-S8EP2-REPACK\GAMESERVER\SOURCE\RELEASE\GUILDCLASS.SBR
C:\MUSERVER_DEV\DEVELOPMENT\MU-S8EP2-REPACK\GAMESERVER\SOURCE\RELEASE\GUILDMATCH.COD
C:\MUSERVER_DEV\DEVELOPMENT\MU-S8EP2-REPACK\GAMESERVER\SOURCE\RELEASE\GUILDMATCH.OBJ
C:\MUSERVER_DEV\DEVELOPMENT\MU-S8EP2-REPACK\GAMESERVER\SOURCE\RELEASE\GUILDMATCH.SBR
C:\MUSERVER_DEV\DEVELOPMENT\MU-S8EP2-REPACK\GAMESERVER\SOURCE\RELEASE\HARDCOREMODE.COD
C:\MUSERVER_DEV\DEVELOPMENT\MU-S8EP2-REPACK\GAMESERVER\SOURCE\RELEASE\HARDCOREMODE.OBJ
C:\MUSERVER_DEV\DEVELOPMENT\MU-S8EP2-REPACK\GAMESERVER\SOURCE\RELEASE\HARDCOREMODE.SBR
C:\MUSERVER_DEV\DEVELOPMENT\MU-S8EP2-REPACK\GAMESERVER\SOURCE\RELEASE\ILLUSIONTEMPLEEVENT.COD
C:\MUSERVER_DEV\DEVELOPMENT\MU-S8EP2-REPACK\GAMESERVER\SOURCE\RELEASE\ILLUSIONTEMPLEEVENT.OBJ
C:\MUSERVER_DEV\DEVELOPMENT\MU-S8EP2-REPACK\GAMESERVER\SOURCE\RELEASE\ILLUSIONTEMPLEEVENT.SBR
C:\MUSERVER_DEV\DEVELOPMENT\MU-S8EP2-REPACK\GAMESERVER\SOURCE\RELEASE\ILLUSIONTEMPLEPROCESS.COD
C:\MUSERVER_DEV\DEVELOPMENT\MU-S8EP2-REPACK\GAMESERVER\SOURCE\RELEASE\ILLUSIONTEMPLEPROCESS.OBJ
C:\MUSERVER_DEV\DEVELOPMENT\MU-S8EP2-REPACK\GAMESERVER\SOURCE\RELEASE\ILLUSIONTEMPLEPROCESS.SBR
C:\MUSERVER_DEV\DEVELOPMENT\MU-S8EP2-REPACK\GAMESERVER\SOURCE\RELEASE\IMPERIALGUARDIAN.COD
C:\MUSERVER_DEV\DEVELOPMENT\MU-S8EP2-REPACK\GAMESERVER\SOURCE\RELEASE\IMPERIALGUARDIAN.OBJ
C:\MUSERVER_DEV\DEVELOPMENT\MU-S8EP2-REPACK\GAMESERVER\SOURCE\RELEASE\IMPERIALGUARDIAN.SBR
C:\MUSERVER_DEV\DEVELOPMENT\MU-S8EP2-REPACK\GAMESERVER\SOURCE\RELEASE\IMPERIALGUARDIANREWARDEXP.COD
C:\MUSERVER_DEV\DEVELOPMENT\MU-S8EP2-REPACK\GAMESERVER\SOURCE\RELEASE\IMPERIALGUARDIANREWARDEXP.OBJ
C:\MUSERVER_DEV\DEVELOPMENT\MU-S8EP2-REPACK\GAMESERVER\SOURCE\RELEASE\IMPERIALGUARDIANREWARDEXP.SBR
C:\MUSERVER_DEV\DEVELOPMENT\MU-S8EP2-REPACK\GAMESERVER\SOURCE\RELEASE\IPCACHE.COD
C:\MUSERVER_DEV\DEVELOPMENT\MU-S8EP2-REPACK\GAMESERVER\SOURCE\RELEASE\IPCACHE.OBJ
C:\MUSERVER_DEV\DEVELOPMENT\MU-S8EP2-REPACK\GAMESERVER\SOURCE\RELEASE\IPCACHE.SBR
C:\MUSERVER_DEV\DEVELOPMENT\MU-S8EP2-REPACK\GAMESERVER\SOURCE\RELEASE\ITEMADDOPTION.COD
C:\MUSERVER_DEV\DEVELOPMENT\MU-S8EP2-REPACK\GAMESERVER\SOURCE\RELEASE\ITEMADDOPTION.OBJ
C:\MUSERVER_DEV\DEVELOPMENT\MU-S8EP2-REPACK\GAMESERVER\SOURCE\RELEASE\ITEMADDOPTION.SBR
C:\MUSERVER_DEV\DEVELOPMENT\MU-S8EP2-REPACK\GAMESERVER\SOURCE\RELEASE\ITEMDROPRATE.COD
C:\MUSERVER_DEV\DEVELOPMENT\MU-S8EP2-REPACK\GAMESERVER\SOURCE\RELEASE\ITEMDROPRATE.OBJ
C:\MUSERVER_DEV\DEVELOPMENT\MU-S8EP2-REPACK\GAMESERVER\SOURCE\RELEASE\ITEMDROPRATE.SBR
C:\MUSERVER_DEV\DEVELOPMENT\MU-S8EP2-REPACK\GAMESERVER\SOURCE\RELEASE\ITEMEXCELLENTOPTION.COD
C:\MUSERVER_DEV\DEVELOPMENT\MU-S8EP2-REPACK\GAMESERVER\SOURCE\RELEASE\ITEMEXCELLENTOPTION.OBJ
C:\MUSERVER_DEV\DEVELOPMENT\MU-S8EP2-REPACK\GAMESERVER\SOURCE\RELEASE\ITEMEXCELLENTOPTION.SBR
C:\MUSERVER_DEV\DEVELOPMENT\MU-S8EP2-REPACK\GAMESERVER\SOURCE\RELEASE\ITEMPRICE.COD
C:\MUSERVER_DEV\DEVELOPMENT\MU-S8EP2-REPACK\GAMESERVER\SOURCE\RELEASE\ITEMPRICE.OBJ
C:\MUSERVER_DEV\DEVELOPMENT\MU-S8EP2-REPACK\GAMESERVER\SOURCE\RELEASE\ITEMPRICE.SBR
C:\MUSERVER_DEV\DEVELOPMENT\MU-S8EP2-REPACK\GAMESERVER\SOURCE\RELEASE\ITEMSYSTEMFOR380.COD
C:\MUSERVER_DEV\DEVELOPMENT\MU-S8EP2-REPACK\GAMESERVER\SOURCE\RELEASE\ITEMSYSTEMFOR380.OBJ
C:\MUSERVER_DEV\DEVELOPMENT\MU-S8EP2-REPACK\GAMESERVER\SOURCE\RELEASE\ITEMSYSTEMFOR380.SBR
C:\MUSERVER_DEV\DEVELOPMENT\MU-S8EP2-REPACK\GAMESERVER\SOURCE\RELEASE\ITEMUPGRADEJEWELS.COD
C:\MUSERVER_DEV\DEVELOPMENT\MU-S8EP2-REPACK\GAMESERVER\SOURCE\RELEASE\ITEMUPGRADEJEWELS.OBJ
C:\MUSERVER_DEV\DEVELOPMENT\MU-S8EP2-REPACK\GAMESERVER\SOURCE\RELEASE\ITEMUPGRADEJEWELS.SBR
C:\MUSERVER_DEV\DEVELOPMENT\MU-S8EP2-REPACK\GAMESERVER\SOURCE\RELEASE\ITEMWINGSOPTION.COD
C:\MUSERVER_DEV\DEVELOPMENT\MU-S8EP2-REPACK\GAMESERVER\SOURCE\RELEASE\ITEMWINGSOPTION.OBJ
C:\MUSERVER_DEV\DEVELOPMENT\MU-S8EP2-REPACK\GAMESERVER\SOURCE\RELEASE\ITEMWINGSOPTION.SBR
C:\MUSERVER_DEV\DEVELOPMENT\MU-S8EP2-REPACK\GAMESERVER\SOURCE\RELEASE\JEWELMIXSYSTEM.COD
C:\MUSERVER_DEV\DEVELOPMENT\MU-S8EP2-REPACK\GAMESERVER\SOURCE\RELEASE\JEWELMIXSYSTEM.OBJ
C:\MUSERVER_DEV\DEVELOPMENT\MU-S8EP2-REPACK\GAMESERVER\SOURCE\RELEASE\JEWELMIXSYSTEM.SBR
C:\MUSERVER_DEV\DEVELOPMENT\MU-S8EP2-REPACK\GAMESERVER\SOURCE\RELEASE\JEWELOFHARMONYSYSTEM.COD
C:\MUSERVER_DEV\DEVELOPMENT\MU-S8EP2-REPACK\GAMESERVER\SOURCE\RELEASE\JEWELOFHARMONYSYSTEM.OBJ
C:\MUSERVER_DEV\DEVELOPMENT\MU-S8EP2-REPACK\GAMESERVER\SOURCE\RELEASE\JEWELOFHARMONYSYSTEM.SBR
C:\MUSERVER_DEV\DEVELOPMENT\MU-S8EP2-REPACK\GAMESERVER\SOURCE\RELEASE\KALIMAGATE.COD
C:\MUSERVER_DEV\DEVELOPMENT\MU-S8EP2-REPACK\GAMESERVER\SOURCE\RELEASE\KALIMAGATE.OBJ
C:\MUSERVER_DEV\DEVELOPMENT\MU-S8EP2-REPACK\GAMESERVER\SOURCE\RELEASE\KALIMAGATE.SBR
C:\MUSERVER_DEV\DEVELOPMENT\MU-S8EP2-REPACK\GAMESERVER\SOURCE\RELEASE\KANTURU.COD
C:\MUSERVER_DEV\DEVELOPMENT\MU-S8EP2-REPACK\GAMESERVER\SOURCE\RELEASE\KANTURU.OBJ
C:\MUSERVER_DEV\DEVELOPMENT\MU-S8EP2-REPACK\GAMESERVER\SOURCE\RELEASE\KANTURU.SBR
C:\MUSERVER_DEV\DEVELOPMENT\MU-S8EP2-REPACK\GAMESERVER\SOURCE\RELEASE\KANTURUBATTLEOFMAYA.COD
C:\MUSERVER_DEV\DEVELOPMENT\MU-S8EP2-REPACK\GAMESERVER\SOURCE\RELEASE\KANTURUBATTLEOFMAYA.OBJ
C:\MUSERVER_DEV\DEVELOPMENT\MU-S8EP2-REPACK\GAMESERVER\SOURCE\RELEASE\KANTURUBATTLEOFMAYA.SBR
C:\MUSERVER_DEV\DEVELOPMENT\MU-S8EP2-REPACK\GAMESERVER\SOURCE\RELEASE\KANTURUBATTLEOFNIGHTMARE.COD
C:\MUSERVER_DEV\DEVELOPMENT\MU-S8EP2-REPACK\GAMESERVER\SOURCE\RELEASE\KANTURUBATTLEOFNIGHTMARE.OBJ
C:\MUSERVER_DEV\DEVELOPMENT\MU-S8EP2-REPACK\GAMESERVER\SOURCE\RELEASE\KANTURUBATTLEOFNIGHTMARE.SBR
C:\MUSERVER_DEV\DEVELOPMENT\MU-S8EP2-REPACK\GAMESERVER\SOURCE\RELEASE\KANTURUBATTLESTANBY.COD
C:\MUSERVER_DEV\DEVELOPMENT\MU-S8EP2-REPACK\GAMESERVER\SOURCE\RELEASE\KANTURUBATTLESTANBY.OBJ
C:\MUSERVER_DEV\DEVELOPMENT\MU-S8EP2-REPACK\GAMESERVER\SOURCE\RELEASE\KANTURUBATTLESTANBY.SBR
C:\MUSERVER_DEV\DEVELOPMENT\MU-S8EP2-REPACK\GAMESERVER\SOURCE\RELEASE\KANTURUBATTLEUSERMNG.COD
C:\MUSERVER_DEV\DEVELOPMENT\MU-S8EP2-REPACK\GAMESERVER\SOURCE\RELEASE\KANTURUBATTLEUSERMNG.OBJ
C:\MUSERVER_DEV\DEVELOPMENT\MU-S8EP2-REPACK\GAMESERVER\SOURCE\RELEASE\KANTURUBATTLEUSERMNG.SBR
C:\MUSERVER_DEV\DEVELOPMENT\MU-S8EP2-REPACK\GAMESERVER\SOURCE\RELEASE\KANTURUENTRANCENPC.COD
C:\MUSERVER_DEV\DEVELOPMENT\MU-S8EP2-REPACK\GAMESERVER\SOURCE\RELEASE\KANTURUENTRANCENPC.OBJ
C:\MUSERVER_DEV\DEVELOPMENT\MU-S8EP2-REPACK\GAMESERVER\SOURCE\RELEASE\KANTURUENTRANCENPC.SBR
C:\MUSERVER_DEV\DEVELOPMENT\MU-S8EP2-REPACK\GAMESERVER\SOURCE\RELEASE\KANTURUMAYA.COD
C:\MUSERVER_DEV\DEVELOPMENT\MU-S8EP2-REPACK\GAMESERVER\SOURCE\RELEASE\KANTURUMAYA.OBJ
C:\MUSERVER_DEV\DEVELOPMENT\MU-S8EP2-REPACK\GAMESERVER\SOURCE\RELEASE\KANTURUMAYA.SBR
C:\MUSERVER_DEV\DEVELOPMENT\MU-S8EP2-REPACK\GAMESERVER\SOURCE\RELEASE\KANTURUMONSTERMNG.COD
C:\MUSERVER_DEV\DEVELOPMENT\MU-S8EP2-REPACK\GAMESERVER\SOURCE\RELEASE\KANTURUMONSTERMNG.OBJ
C:\MUSERVER_DEV\DEVELOPMENT\MU-S8EP2-REPACK\GAMESERVER\SOURCE\RELEASE\KANTURUMONSTERMNG.SBR
C:\MUSERVER_DEV\DEVELOPMENT\MU-S8EP2-REPACK\GAMESERVER\SOURCE\RELEASE\KANTURUNIGHTMARE.COD
C:\MUSERVER_DEV\DEVELOPMENT\MU-S8EP2-REPACK\GAMESERVER\SOURCE\RELEASE\KANTURUNIGHTMARE.OBJ
C:\MUSERVER_DEV\DEVELOPMENT\MU-S8EP2-REPACK\GAMESERVER\SOURCE\RELEASE\KANTURUNIGHTMARE.SBR
C:\MUSERVER_DEV\DEVELOPMENT\MU-S8EP2-REPACK\GAMESERVER\SOURCE\RELEASE\KANTURUSTATEINFO.COD
C:\MUSERVER_DEV\DEVELOPMENT\MU-S8EP2-REPACK\GAMESERVER\SOURCE\RELEASE\KANTURUSTATEINFO.OBJ
C:\MUSERVER_DEV\DEVELOPMENT\MU-S8EP2-REPACK\GAMESERVER\SOURCE\RELEASE\KANTURUSTATEINFO.SBR
C:\MUSERVER_DEV\DEVELOPMENT\MU-S8EP2-REPACK\GAMESERVER\SOURCE\RELEASE\KANTURUTOWEROFREFINEMENT.COD
C:\MUSERVER_DEV\DEVELOPMENT\MU-S8EP2-REPACK\GAMESERVER\SOURCE\RELEASE\KANTURUTOWEROFREFINEMENT.OBJ
C:\MUSERVER_DEV\DEVELOPMENT\MU-S8EP2-REPACK\GAMESERVER\SOURCE\RELEASE\KANTURUTOWEROFREFINEMENT.SBR
C:\MUSERVER_DEV\DEVELOPMENT\MU-S8EP2-REPACK\GAMESERVER\SOURCE\RELEASE\KANTURUUTIL.COD
C:\MUSERVER_DEV\DEVELOPMENT\MU-S8EP2-REPACK\GAMESERVER\SOURCE\RELEASE\KANTURUUTIL.OBJ
C:\MUSERVER_DEV\DEVELOPMENT\MU-S8EP2-REPACK\GAMESERVER\SOURCE\RELEASE\KANTURUUTIL.SBR
C:\MUSERVER_DEV\DEVELOPMENT\MU-S8EP2-REPACK\GAMESERVER\SOURCE\RELEASE\LARGERAND.COD
C:\MUSERVER_DEV\DEVELOPMENT\MU-S8EP2-REPACK\GAMESERVER\SOURCE\RELEASE\LARGERAND.OBJ
C:\MUSERVER_DEV\DEVELOPMENT\MU-S8EP2-REPACK\GAMESERVER\SOURCE\RELEASE\LARGERAND.SBR
C:\MUSERVER_DEV\DEVELOPMENT\MU-S8EP2-REPACK\GAMESERVER\SOURCE\RELEASE\LIFESTONE.COD
C:\MUSERVER_DEV\DEVELOPMENT\MU-S8EP2-REPACK\GAMESERVER\SOURCE\RELEASE\LIFESTONE.OBJ
C:\MUSERVER_DEV\DEVELOPMENT\MU-S8EP2-REPACK\GAMESERVER\SOURCE\RELEASE\LIFESTONE.SBR
C:\muserver_dev\development\MU-S8EP2-Repack\GameServer\Source\Release\link.212.read.1.tlog
C:\muserver_dev\development\MU-S8EP2-Repack\GameServer\Source\Release\link.212.write.1.tlog
C:\muserver_dev\development\MU-S8EP2-Repack\GameServer\Source\Release\link.212-cvtres.read.1.tlog
C:\muserver_dev\development\MU-S8EP2-Repack\GameServer\Source\Release\link.212-cvtres.write.1.tlog
C:\muserver_dev\development\MU-S8EP2-Repack\GameServer\Source\Release\link.2692.read.1.tlog
C:\muserver_dev\development\MU-S8EP2-Repack\GameServer\Source\Release\link.2692.write.1.tlog
C:\muserver_dev\development\MU-S8EP2-Repack\GameServer\Source\Release\link.2692-cvtres.read.1.tlog
C:\muserver_dev\development\MU-S8EP2-Repack\GameServer\Source\Release\link.2692-cvtres.write.1.tlog
C:\muserver_dev\development\MU-S8EP2-Repack\GameServer\Source\Release\link.2696.read.1.tlog
C:\muserver_dev\development\MU-S8EP2-Repack\GameServer\Source\Release\link.2696.write.1.tlog
C:\muserver_dev\development\MU-S8EP2-Repack\GameServer\Source\Release\link.2696-cvtres.read.1.tlog
C:\muserver_dev\development\MU-S8EP2-Repack\GameServer\Source\Release\link.2696-cvtres.write.1.tlog
C:\muserver_dev\development\MU-S8EP2-Repack\GameServer\Source\Release\link.2708.read.1.tlog
C:\muserver_dev\development\MU-S8EP2-Repack\GameServer\Source\Release\link.2708.write.1.tlog
C:\muserver_dev\development\MU-S8EP2-Repack\GameServer\Source\Release\link.2708-cvtres.read.1.tlog
C:\muserver_dev\development\MU-S8EP2-Repack\GameServer\Source\Release\link.2708-cvtres.write.1.tlog
C:\muserver_dev\development\MU-S8EP2-Repack\GameServer\Source\Release\link.336.read.1.tlog
C:\muserver_dev\development\MU-S8EP2-Repack\GameServer\Source\Release\link.336.write.1.tlog
C:\muserver_dev\development\MU-S8EP2-Repack\GameServer\Source\Release\link.336-cvtres.read.1.tlog
C:\muserver_dev\development\MU-S8EP2-Repack\GameServer\Source\Release\link.336-cvtres.write.1.tlog
C:\muserver_dev\development\MU-S8EP2-Repack\GameServer\Source\Release\link.3480.read.1.tlog
C:\muserver_dev\development\MU-S8EP2-Repack\GameServer\Source\Release\link.3480.write.1.tlog
C:\muserver_dev\development\MU-S8EP2-Repack\GameServer\Source\Release\link.3480-cvtres.read.1.tlog
C:\muserver_dev\development\MU-S8EP2-Repack\GameServer\Source\Release\link.3480-cvtres.write.1.tlog
C:\muserver_dev\development\MU-S8EP2-Repack\GameServer\Source\Release\link.3664.read.1.tlog
C:\muserver_dev\development\MU-S8EP2-Repack\GameServer\Source\Release\link.3664.write.1.tlog
C:\muserver_dev\development\MU-S8EP2-Repack\GameServer\Source\Release\link.3664-cvtres.read.1.tlog
C:\muserver_dev\development\MU-S8EP2-Repack\GameServer\Source\Release\link.3664-cvtres.write.1.tlog
C:\muserver_dev\development\MU-S8EP2-Repack\GameServer\Source\Release\link.4032.read.1.tlog
C:\muserver_dev\development\MU-S8EP2-Repack\GameServer\Source\Release\link.4032.write.1.tlog
C:\muserver_dev\development\MU-S8EP2-Repack\GameServer\Source\Release\link.4032-cvtres.read.1.tlog
C:\muserver_dev\development\MU-S8EP2-Repack\GameServer\Source\Release\link.4032-cvtres.write.1.tlog
C:\muserver_dev\development\MU-S8EP2-Repack\GameServer\Source\Release\link.4280.read.1.tlog
C:\muserver_dev\development\MU-S8EP2-Repack\GameServer\Source\Release\link.4280.write.1.tlog
C:\muserver_dev\development\MU-S8EP2-Repack\GameServer\Source\Release\link.4280-cvtres.read.1.tlog
C:\muserver_dev\development\MU-S8EP2-Repack\GameServer\Source\Release\link.4280-cvtres.write.1.tlog
C:\muserver_dev\development\MU-S8EP2-Repack\GameServer\Source\Release\link.4600.read.1.tlog
C:\muserver_dev\development\MU-S8EP2-Repack\GameServer\Source\Release\link.4600.write.1.tlog
C:\muserver_dev\development\MU-S8EP2-Repack\GameServer\Source\Release\link.4600-cvtres.read.1.tlog
C:\muserver_dev\development\MU-S8EP2-Repack\GameServer\Source\Release\link.4600-cvtres.write.1.tlog
C:\muserver_dev\development\MU-S8EP2-Repack\GameServer\Source\Release\link.4668.read.1.tlog
C:\muserver_dev\development\MU-S8EP2-Repack\GameServer\Source\Release\link.4668.write.1.tlog
C:\muserver_dev\development\MU-S8EP2-Repack\GameServer\Source\Release\link.4668-cvtres.read.1.tlog
C:\muserver_dev\development\MU-S8EP2-Repack\GameServer\Source\Release\link.4668-cvtres.write.1.tlog
C:\muserver_dev\development\MU-S8EP2-Repack\GameServer\Source\Release\link.472.read.1.tlog
C:\muserver_dev\development\MU-S8EP2-Repack\GameServer\Source\Release\link.472.write.1.tlog
C:\muserver_dev\development\MU-S8EP2-Repack\GameServer\Source\Release\link.472-cvtres.read.1.tlog
C:\muserver_dev\development\MU-S8EP2-Repack\GameServer\Source\Release\link.472-cvtres.write.1.tlog
C:\muserver_dev\development\MU-S8EP2-Repack\GameServer\Source\Release\link.4876.read.1.tlog
C:\muserver_dev\development\MU-S8EP2-Repack\GameServer\Source\Release\link.4876.write.1.tlog
C:\muserver_dev\development\MU-S8EP2-Repack\GameServer\Source\Release\link.4876-cvtres.read.1.tlog
C:\muserver_dev\development\MU-S8EP2-Repack\GameServer\Source\Release\link.4876-cvtres.write.1.tlog
C:\muserver_dev\development\MU-S8EP2-Repack\GameServer\Source\Release\link.5024.read.1.tlog
C:\muserver_dev\development\MU-S8EP2-Repack\GameServer\Source\Release\link.5024.write.1.tlog
C:\muserver_dev\development\MU-S8EP2-Repack\GameServer\Source\Release\link.5024-cvtres.read.1.tlog
C:\muserver_dev\development\MU-S8EP2-Repack\GameServer\Source\Release\link.5024-cvtres.write.1.tlog
C:\muserver_dev\development\MU-S8EP2-Repack\GameServer\Source\Release\link.5224.read.1.tlog
C:\muserver_dev\development\MU-S8EP2-Repack\GameServer\Source\Release\link.5224.write.1.tlog
C:\muserver_dev\development\MU-S8EP2-Repack\GameServer\Source\Release\link.5224-cvtres.read.1.tlog
C:\muserver_dev\development\MU-S8EP2-Repack\GameServer\Source\Release\link.5224-cvtres.write.1.tlog
C:\muserver_dev\development\MU-S8EP2-Repack\GameServer\Source\Release\link.524.read.1.tlog
C:\muserver_dev\development\MU-S8EP2-Repack\GameServer\Source\Release\link.524.write.1.tlog
C:\muserver_dev\development\MU-S8EP2-Repack\GameServer\Source\Release\link.524-cvtres.read.1.tlog
C:\muserver_dev\development\MU-S8EP2-Repack\GameServer\Source\Release\link.524-cvtres.write.1.tlog
C:\muserver_dev\development\MU-S8EP2-Repack\GameServer\Source\Release\link.5880.read.1.tlog
C:\muserver_dev\development\MU-S8EP2-Repack\GameServer\Source\Release\link.5880.write.1.tlog
C:\muserver_dev\development\MU-S8EP2-Repack\GameServer\Source\Release\link.5880-cvtres.read.1.tlog
C:\muserver_dev\development\MU-S8EP2-Repack\GameServer\Source\Release\link.5880-cvtres.write.1.tlog
C:\muserver_dev\development\MU-S8EP2-Repack\GameServer\Source\Release\link.6148.read.1.tlog
C:\muserver_dev\development\MU-S8EP2-Repack\GameServer\Source\Release\link.6148.write.1.tlog
C:\muserver_dev\development\MU-S8EP2-Repack\GameServer\Source\Release\link.6148-cvtres.read.1.tlog
C:\muserver_dev\development\MU-S8EP2-Repack\GameServer\Source\Release\link.6148-cvtres.write.1.tlog
C:\muserver_dev\development\MU-S8EP2-Repack\GameServer\Source\Release\link.632.read.1.tlog
C:\muserver_dev\development\MU-S8EP2-Repack\GameServer\Source\Release\link.632.write.1.tlog
C:\muserver_dev\development\MU-S8EP2-Repack\GameServer\Source\Release\link.632-cvtres.read.1.tlog
C:\muserver_dev\development\MU-S8EP2-Repack\GameServer\Source\Release\link.632-cvtres.write.1.tlog
C:\muserver_dev\development\MU-S8EP2-Repack\GameServer\Source\Release\link.6476.read.1.tlog
C:\muserver_dev\development\MU-S8EP2-Repack\GameServer\Source\Release\link.6476.write.1.tlog
C:\muserver_dev\development\MU-S8EP2-Repack\GameServer\Source\Release\link.6476-cvtres.read.1.tlog
C:\muserver_dev\development\MU-S8EP2-Repack\GameServer\Source\Release\link.6476-cvtres.write.1.tlog
C:\muserver_dev\development\MU-S8EP2-Repack\GameServer\Source\Release\link.7176.read.1.tlog
C:\muserver_dev\development\MU-S8EP2-Repack\GameServer\Source\Release\link.7176.write.1.tlog
C:\muserver_dev\development\MU-S8EP2-Repack\GameServer\Source\Release\link.7176-cvtres.read.1.tlog
C:\muserver_dev\development\MU-S8EP2-Repack\GameServer\Source\Release\link.7176-cvtres.write.1.tlog
C:\muserver_dev\development\MU-S8EP2-Repack\GameServer\Source\Release\link.7300.read.1.tlog
C:\muserver_dev\development\MU-S8EP2-Repack\GameServer\Source\Release\link.7300.write.1.tlog
C:\muserver_dev\development\MU-S8EP2-Repack\GameServer\Source\Release\link.7300-cvtres.read.1.tlog
C:\muserver_dev\development\MU-S8EP2-Repack\GameServer\Source\Release\link.7300-cvtres.write.1.tlog
C:\muserver_dev\development\MU-S8EP2-Repack\GameServer\Source\Release\link.7348.read.1.tlog
C:\muserver_dev\development\MU-S8EP2-Repack\GameServer\Source\Release\link.7348.write.1.tlog
C:\muserver_dev\development\MU-S8EP2-Repack\GameServer\Source\Release\link.7348-cvtres.read.1.tlog
C:\muserver_dev\development\MU-S8EP2-Repack\GameServer\Source\Release\link.7348-cvtres.write.1.tlog
C:\muserver_dev\development\MU-S8EP2-Repack\GameServer\Source\Release\link.7456.read.1.tlog
C:\muserver_dev\development\MU-S8EP2-Repack\GameServer\Source\Release\link.7456.write.1.tlog
C:\muserver_dev\development\MU-S8EP2-Repack\GameServer\Source\Release\link.7456-cvtres.read.1.tlog
C:\muserver_dev\development\MU-S8EP2-Repack\GameServer\Source\Release\link.7456-cvtres.write.1.tlog
C:\muserver_dev\development\MU-S8EP2-Repack\GameServer\Source\Release\link.7620.read.1.tlog
C:\muserver_dev\development\MU-S8EP2-Repack\GameServer\Source\Release\link.7620.write.1.tlog
C:\muserver_dev\development\MU-S8EP2-Repack\GameServer\Source\Release\link.7620-cvtres.read.1.tlog
C:\muserver_dev\development\MU-S8EP2-Repack\GameServer\Source\Release\link.7620-cvtres.write.1.tlog
C:\muserver_dev\development\MU-S8EP2-Repack\GameServer\Source\Release\link.7920.read.1.tlog
C:\muserver_dev\development\MU-S8EP2-Repack\GameServer\Source\Release\link.7920.write.1.tlog
C:\muserver_dev\development\MU-S8EP2-Repack\GameServer\Source\Release\link.7920-cvtres.read.1.tlog
C:\muserver_dev\development\MU-S8EP2-Repack\GameServer\Source\Release\link.7920-cvtres.write.1.tlog
C:\muserver_dev\development\MU-S8EP2-Repack\GameServer\Source\Release\link.7972.read.1.tlog
C:\muserver_dev\development\MU-S8EP2-Repack\GameServer\Source\Release\link.7972.write.1.tlog
C:\muserver_dev\development\MU-S8EP2-Repack\GameServer\Source\Release\link.7972-cvtres.read.1.tlog
C:\muserver_dev\development\MU-S8EP2-Repack\GameServer\Source\Release\link.7972-cvtres.write.1.tlog
C:\muserver_dev\development\MU-S8EP2-Repack\GameServer\Source\Release\link.7980.read.1.tlog
C:\muserver_dev\development\MU-S8EP2-Repack\GameServer\Source\Release\link.7980.write.1.tlog
C:\muserver_dev\development\MU-S8EP2-Repack\GameServer\Source\Release\link.7980-cvtres.read.1.tlog
C:\muserver_dev\development\MU-S8EP2-Repack\GameServer\Source\Release\link.7980-cvtres.write.1.tlog
C:\muserver_dev\development\MU-S8EP2-Repack\GameServer\Source\Release\link.8072.read.1.tlog
C:\muserver_dev\development\MU-S8EP2-Repack\GameServer\Source\Release\link.8072.write.1.tlog
C:\muserver_dev\development\MU-S8EP2-Repack\GameServer\Source\Release\link.8072-cvtres.read.1.tlog
C:\muserver_dev\development\MU-S8EP2-Repack\GameServer\Source\Release\link.8072-cvtres.write.1.tlog
C:\muserver_dev\development\MU-S8EP2-Repack\GameServer\Source\Release\link.812.read.1.tlog
C:\muserver_dev\development\MU-S8EP2-Repack\GameServer\Source\Release\link.812.write.1.tlog
C:\muserver_dev\development\MU-S8EP2-Repack\GameServer\Source\Release\link.812-cvtres.read.1.tlog
C:\muserver_dev\development\MU-S8EP2-Repack\GameServer\Source\Release\link.812-cvtres.write.1.tlog
C:\muserver_dev\development\MU-S8EP2-Repack\GameServer\Source\Release\link.8184.read.1.tlog
C:\muserver_dev\development\MU-S8EP2-Repack\GameServer\Source\Release\link.8184.write.1.tlog
C:\muserver_dev\development\MU-S8EP2-Repack\GameServer\Source\Release\link.8184-cvtres.read.1.tlog
C:\muserver_dev\development\MU-S8EP2-Repack\GameServer\Source\Release\link.8184-cvtres.write.1.tlog
C:\muserver_dev\development\MU-S8EP2-Repack\GameServer\Source\Release\link.8312.read.1.tlog
C:\muserver_dev\development\MU-S8EP2-Repack\GameServer\Source\Release\link.8312.write.1.tlog
C:\muserver_dev\development\MU-S8EP2-Repack\GameServer\Source\Release\link.8312-cvtres.read.1.tlog
C:\muserver_dev\development\MU-S8EP2-Repack\GameServer\Source\Release\link.8312-cvtres.write.1.tlog
C:\muserver_dev\development\MU-S8EP2-Repack\GameServer\Source\Release\link.8412.read.1.tlog
C:\muserver_dev\development\MU-S8EP2-Repack\GameServer\Source\Release\link.8412.write.1.tlog
C:\muserver_dev\development\MU-S8EP2-Repack\GameServer\Source\Release\link.8412-cvtres.read.1.tlog
C:\muserver_dev\development\MU-S8EP2-Repack\GameServer\Source\Release\link.8412-cvtres.write.1.tlog
C:\muserver_dev\development\MU-S8EP2-Repack\GameServer\Source\Release\link.8468.read.1.tlog
C:\muserver_dev\development\MU-S8EP2-Repack\GameServer\Source\Release\link.8468.write.1.tlog
C:\muserver_dev\development\MU-S8EP2-Repack\GameServer\Source\Release\link.8468-cvtres.read.1.tlog
C:\muserver_dev\development\MU-S8EP2-Repack\GameServer\Source\Release\link.8468-cvtres.write.1.tlog
C:\muserver_dev\development\MU-S8EP2-Repack\GameServer\Source\Release\link.8536.read.1.tlog
C:\muserver_dev\development\MU-S8EP2-Repack\GameServer\Source\Release\link.8536.write.1.tlog
C:\muserver_dev\development\MU-S8EP2-Repack\GameServer\Source\Release\link.8536-cvtres.read.1.tlog
C:\muserver_dev\development\MU-S8EP2-Repack\GameServer\Source\Release\link.8536-cvtres.write.1.tlog
C:\muserver_dev\development\MU-S8EP2-Repack\GameServer\Source\Release\link.8608.read.1.tlog
C:\muserver_dev\development\MU-S8EP2-Repack\GameServer\Source\Release\link.8608.write.1.tlog
C:\muserver_dev\development\MU-S8EP2-Repack\GameServer\Source\Release\link.8608-cvtres.read.1.tlog
C:\muserver_dev\development\MU-S8EP2-Repack\GameServer\Source\Release\link.8608-cvtres.write.1.tlog
C:\muserver_dev\development\MU-S8EP2-Repack\GameServer\Source\Release\link.8868.read.1.tlog
C:\muserver_dev\development\MU-S8EP2-Repack\GameServer\Source\Release\link.8868.write.1.tlog
C:\muserver_dev\development\MU-S8EP2-Repack\GameServer\Source\Release\link.8868-cvtres.read.1.tlog
C:\muserver_dev\development\MU-S8EP2-Repack\GameServer\Source\Release\link.8868-cvtres.write.1.tlog
C:\muserver_dev\development\MU-S8EP2-Repack\GameServer\Source\Release\link.936.read.1.tlog
C:\muserver_dev\development\MU-S8EP2-Repack\GameServer\Source\Release\link.936.write.1.tlog
C:\muserver_dev\development\MU-S8EP2-Repack\GameServer\Source\Release\link.936-cvtres.read.1.tlog
C:\muserver_dev\development\MU-S8EP2-Repack\GameServer\Source\Release\link.936-cvtres.write.1.tlog
C:\muserver_dev\development\MU-S8EP2-Repack\GameServer\Source\Release\link.command.1.tlog
C:\muserver_dev\development\MU-S8EP2-Repack\GameServer\Source\Release\link.read.1.tlog
C:\muserver_dev\development\MU-S8EP2-Repack\GameServer\Source\Release\link.write.1.tlog
C:\MUSERVER_DEV\DEVELOPMENT\MU-S8EP2-REPACK\GAMESERVER\SOURCE\RELEASE\LOGPROC.COD
C:\MUSERVER_DEV\DEVELOPMENT\MU-S8EP2-REPACK\GAMESERVER\SOURCE\RELEASE\LOGPROC.OBJ
C:\MUSERVER_DEV\DEVELOPMENT\MU-S8EP2-REPACK\GAMESERVER\SOURCE\RELEASE\LOGPROC.SBR
C:\MUSERVER_DEV\DEVELOPMENT\MU-S8EP2-REPACK\GAMESERVER\SOURCE\RELEASE\LOGTOFILE.COD
C:\MUSERVER_DEV\DEVELOPMENT\MU-S8EP2-REPACK\GAMESERVER\SOURCE\RELEASE\LOGTOFILE.OBJ
C:\MUSERVER_DEV\DEVELOPMENT\MU-S8EP2-REPACK\GAMESERVER\SOURCE\RELEASE\LOGTOFILE.SBR
C:\MUSERVER_DEV\DEVELOPMENT\MU-S8EP2-REPACK\GAMESERVER\SOURCE\RELEASE\LUAFUN.COD
C:\MUSERVER_DEV\DEVELOPMENT\MU-S8EP2-REPACK\GAMESERVER\SOURCE\RELEASE\LUAFUN.OBJ
C:\MUSERVER_DEV\DEVELOPMENT\MU-S8EP2-REPACK\GAMESERVER\SOURCE\RELEASE\LUAFUN.SBR
C:\MUSERVER_DEV\DEVELOPMENT\MU-S8EP2-REPACK\GAMESERVER\SOURCE\RELEASE\LUCKYITEM.COD
C:\MUSERVER_DEV\DEVELOPMENT\MU-S8EP2-REPACK\GAMESERVER\SOURCE\RELEASE\LUCKYITEM.OBJ
C:\MUSERVER_DEV\DEVELOPMENT\MU-S8EP2-REPACK\GAMESERVER\SOURCE\RELEASE\LUCKYITEM.SBR
C:\MUSERVER_DEV\DEVELOPMENT\MU-S8EP2-REPACK\GAMESERVER\SOURCE\RELEASE\MAGICDAMAGE.COD
C:\MUSERVER_DEV\DEVELOPMENT\MU-S8EP2-REPACK\GAMESERVER\SOURCE\RELEASE\MAGICDAMAGE.OBJ
C:\MUSERVER_DEV\DEVELOPMENT\MU-S8EP2-REPACK\GAMESERVER\SOURCE\RELEASE\MAGICDAMAGE.SBR
C:\MUSERVER_DEV\DEVELOPMENT\MU-S8EP2-REPACK\GAMESERVER\SOURCE\RELEASE\MAGICINF.COD
C:\MUSERVER_DEV\DEVELOPMENT\MU-S8EP2-REPACK\GAMESERVER\SOURCE\RELEASE\MAGICINF.OBJ
C:\MUSERVER_DEV\DEVELOPMENT\MU-S8EP2-REPACK\GAMESERVER\SOURCE\RELEASE\MAGICINF.SBR
C:\MUSERVER_DEV\DEVELOPMENT\MU-S8EP2-REPACK\GAMESERVER\SOURCE\RELEASE\MAPCLASS.COD
C:\MUSERVER_DEV\DEVELOPMENT\MU-S8EP2-REPACK\GAMESERVER\SOURCE\RELEASE\MAPCLASS.OBJ
C:\MUSERVER_DEV\DEVELOPMENT\MU-S8EP2-REPACK\GAMESERVER\SOURCE\RELEASE\MAPCLASS.SBR
C:\MUSERVER_DEV\DEVELOPMENT\MU-S8EP2-REPACK\GAMESERVER\SOURCE\RELEASE\MAPITEM.COD
C:\MUSERVER_DEV\DEVELOPMENT\MU-S8EP2-REPACK\GAMESERVER\SOURCE\RELEASE\MAPITEM.OBJ
C:\MUSERVER_DEV\DEVELOPMENT\MU-S8EP2-REPACK\GAMESERVER\SOURCE\RELEASE\MAPITEM.SBR
C:\MUSERVER_DEV\DEVELOPMENT\MU-S8EP2-REPACK\GAMESERVER\SOURCE\RELEASE\MAPRATEINFO.COD
C:\MUSERVER_DEV\DEVELOPMENT\MU-S8EP2-REPACK\GAMESERVER\SOURCE\RELEASE\MAPRATEINFO.OBJ
C:\MUSERVER_DEV\DEVELOPMENT\MU-S8EP2-REPACK\GAMESERVER\SOURCE\RELEASE\MAPRATEINFO.SBR
C:\MUSERVER_DEV\DEVELOPMENT\MU-S8EP2-REPACK\GAMESERVER\SOURCE\RELEASE\MAPSERVERMANAGER.COD
C:\MUSERVER_DEV\DEVELOPMENT\MU-S8EP2-REPACK\GAMESERVER\SOURCE\RELEASE\MAPSERVERMANAGER.OBJ
C:\MUSERVER_DEV\DEVELOPMENT\MU-S8EP2-REPACK\GAMESERVER\SOURCE\RELEASE\MAPSERVERMANAGER.SBR
C:\MUSERVER_DEV\DEVELOPMENT\MU-S8EP2-REPACK\GAMESERVER\SOURCE\RELEASE\MASTERLEVELSKILLTREESYSTEM.COD
C:\MUSERVER_DEV\DEVELOPMENT\MU-S8EP2-REPACK\GAMESERVER\SOURCE\RELEASE\MASTERLEVELSKILLTREESYSTEM.OBJ
C:\MUSERVER_DEV\DEVELOPMENT\MU-S8EP2-REPACK\GAMESERVER\SOURCE\RELEASE\MASTERLEVELSKILLTREESYSTEM.SBR
C:\MUSERVER_DEV\DEVELOPMENT\MU-S8EP2-REPACK\GAMESERVER\SOURCE\RELEASE\MASTERSKILLSYSTEM.COD
C:\MUSERVER_DEV\DEVELOPMENT\MU-S8EP2-REPACK\GAMESERVER\SOURCE\RELEASE\MASTERSKILLSYSTEM.OBJ
C:\MUSERVER_DEV\DEVELOPMENT\MU-S8EP2-REPACK\GAMESERVER\SOURCE\RELEASE\MASTERSKILLSYSTEM.SBR
C:\MUSERVER_DEV\DEVELOPMENT\MU-S8EP2-REPACK\GAMESERVER\SOURCE\RELEASE\MERCENARY.COD
C:\MUSERVER_DEV\DEVELOPMENT\MU-S8EP2-REPACK\GAMESERVER\SOURCE\RELEASE\MERCENARY.OBJ
C:\MUSERVER_DEV\DEVELOPMENT\MU-S8EP2-REPACK\GAMESERVER\SOURCE\RELEASE\MERCENARY.SBR
C:\MUSERVER_DEV\DEVELOPMENT\MU-S8EP2-REPACK\GAMESERVER\SOURCE\RELEASE\MESSAGE.COD
C:\MUSERVER_DEV\DEVELOPMENT\MU-S8EP2-REPACK\GAMESERVER\SOURCE\RELEASE\MESSAGE.OBJ
C:\MUSERVER_DEV\DEVELOPMENT\MU-S8EP2-REPACK\GAMESERVER\SOURCE\RELEASE\MESSAGE.SBR
C:\MUSERVER_DEV\DEVELOPMENT\MU-S8EP2-REPACK\GAMESERVER\SOURCE\RELEASE\MINIMAP.COD
C:\MUSERVER_DEV\DEVELOPMENT\MU-S8EP2-REPACK\GAMESERVER\SOURCE\RELEASE\MINIMAP.OBJ
C:\MUSERVER_DEV\DEVELOPMENT\MU-S8EP2-REPACK\GAMESERVER\SOURCE\RELEASE\MINIMAP.SBR
C:\MUSERVER_DEV\DEVELOPMENT\MU-S8EP2-REPACK\GAMESERVER\SOURCE\RELEASE\MININGSYSTEM.COD
C:\MUSERVER_DEV\DEVELOPMENT\MU-S8EP2-REPACK\GAMESERVER\SOURCE\RELEASE\MININGSYSTEM.OBJ
C:\MUSERVER_DEV\DEVELOPMENT\MU-S8EP2-REPACK\GAMESERVER\SOURCE\RELEASE\MININGSYSTEM.SBR
C:\MUSERVER_DEV\DEVELOPMENT\MU-S8EP2-REPACK\GAMESERVER\SOURCE\RELEASE\MONSTERATTR.COD
C:\MUSERVER_DEV\DEVELOPMENT\MU-S8EP2-REPACK\GAMESERVER\SOURCE\RELEASE\MONSTERATTR.OBJ
C:\MUSERVER_DEV\DEVELOPMENT\MU-S8EP2-REPACK\GAMESERVER\SOURCE\RELEASE\MONSTERATTR.SBR
C:\MUSERVER_DEV\DEVELOPMENT\MU-S8EP2-REPACK\GAMESERVER\SOURCE\RELEASE\MONSTERHERD.COD
C:\MUSERVER_DEV\DEVELOPMENT\MU-S8EP2-REPACK\GAMESERVER\SOURCE\RELEASE\MONSTERHERD.OBJ
C:\MUSERVER_DEV\DEVELOPMENT\MU-S8EP2-REPACK\GAMESERVER\SOURCE\RELEASE\MONSTERHERD.SBR
C:\MUSERVER_DEV\DEVELOPMENT\MU-S8EP2-REPACK\GAMESERVER\SOURCE\RELEASE\MONSTERITEMMNG.COD
C:\MUSERVER_DEV\DEVELOPMENT\MU-S8EP2-REPACK\GAMESERVER\SOURCE\RELEASE\MONSTERITEMMNG.OBJ
C:\MUSERVER_DEV\DEVELOPMENT\MU-S8EP2-REPACK\GAMESERVER\SOURCE\RELEASE\MONSTERITEMMNG.SBR
C:\MUSERVER_DEV\DEVELOPMENT\MU-S8EP2-REPACK\GAMESERVER\SOURCE\RELEASE\MONSTERITEMMNGEX.COD
C:\MUSERVER_DEV\DEVELOPMENT\MU-S8EP2-REPACK\GAMESERVER\SOURCE\RELEASE\MONSTERITEMMNGEX.OBJ
C:\MUSERVER_DEV\DEVELOPMENT\MU-S8EP2-REPACK\GAMESERVER\SOURCE\RELEASE\MONSTERITEMMNGEX.SBR
C:\MUSERVER_DEV\DEVELOPMENT\MU-S8EP2-REPACK\GAMESERVER\SOURCE\RELEASE\MONSTERMONEYDROP.COD
C:\MUSERVER_DEV\DEVELOPMENT\MU-S8EP2-REPACK\GAMESERVER\SOURCE\RELEASE\MONSTERMONEYDROP.OBJ
C:\MUSERVER_DEV\DEVELOPMENT\MU-S8EP2-REPACK\GAMESERVER\SOURCE\RELEASE\MONSTERMONEYDROP.SBR
C:\MUSERVER_DEV\DEVELOPMENT\MU-S8EP2-REPACK\GAMESERVER\SOURCE\RELEASE\MONSTERSETBASE.COD
C:\MUSERVER_DEV\DEVELOPMENT\MU-S8EP2-REPACK\GAMESERVER\SOURCE\RELEASE\MONSTERSETBASE.OBJ
C:\MUSERVER_DEV\DEVELOPMENT\MU-S8EP2-REPACK\GAMESERVER\SOURCE\RELEASE\MONSTERSETBASE.SBR
C:\MUSERVER_DEV\DEVELOPMENT\MU-S8EP2-REPACK\GAMESERVER\SOURCE\RELEASE\MONSTERSPAWNER.COD
C:\MUSERVER_DEV\DEVELOPMENT\MU-S8EP2-REPACK\GAMESERVER\SOURCE\RELEASE\MONSTERSPAWNER.OBJ
C:\MUSERVER_DEV\DEVELOPMENT\MU-S8EP2-REPACK\GAMESERVER\SOURCE\RELEASE\MONSTERSPAWNER.SBR
C:\MUSERVER_DEV\DEVELOPMENT\MU-S8EP2-REPACK\GAMESERVER\SOURCE\RELEASE\MONSTERSTATCALC.COD
C:\MUSERVER_DEV\DEVELOPMENT\MU-S8EP2-REPACK\GAMESERVER\SOURCE\RELEASE\MONSTERSTATCALC.OBJ
C:\MUSERVER_DEV\DEVELOPMENT\MU-S8EP2-REPACK\GAMESERVER\SOURCE\RELEASE\MONSTERSTATCALC.SBR
C:\MUSERVER_DEV\DEVELOPMENT\MU-S8EP2-REPACK\GAMESERVER\SOURCE\RELEASE\MOVECHECK.COD
C:\MUSERVER_DEV\DEVELOPMENT\MU-S8EP2-REPACK\GAMESERVER\SOURCE\RELEASE\MOVECHECK.OBJ
C:\MUSERVER_DEV\DEVELOPMENT\MU-S8EP2-REPACK\GAMESERVER\SOURCE\RELEASE\MOVECHECK.SBR
C:\MUSERVER_DEV\DEVELOPMENT\MU-S8EP2-REPACK\GAMESERVER\SOURCE\RELEASE\MOVECOMMAND.COD
C:\MUSERVER_DEV\DEVELOPMENT\MU-S8EP2-REPACK\GAMESERVER\SOURCE\RELEASE\MOVECOMMAND.OBJ
C:\MUSERVER_DEV\DEVELOPMENT\MU-S8EP2-REPACK\GAMESERVER\SOURCE\RELEASE\MOVECOMMAND.SBR
C:\muserver_dev\development\MU-S8EP2-Repack\GameServer\Source\Release\mt.command.1.tlog
C:\muserver_dev\development\MU-S8EP2-Repack\GameServer\Source\Release\mt.read.1.tlog
C:\muserver_dev\development\MU-S8EP2-Repack\GameServer\Source\Release\mt.write.1.tlog
C:\MUSERVER_DEV\DEVELOPMENT\MU-S8EP2-REPACK\GAMESERVER\SOURCE\RELEASE\MUHELPER.COD
C:\MUSERVER_DEV\DEVELOPMENT\MU-S8EP2-REPACK\GAMESERVER\SOURCE\RELEASE\MUHELPER.OBJ
C:\MUSERVER_DEV\DEVELOPMENT\MU-S8EP2-REPACK\GAMESERVER\SOURCE\RELEASE\MUHELPER.SBR
C:\MUSERVER_DEV\DEVELOPMENT\MU-S8EP2-REPACK\GAMESERVER\SOURCE\RELEASE\MULTIATTACKHACKCHECK.COD
C:\MUSERVER_DEV\DEVELOPMENT\MU-S8EP2-REPACK\GAMESERVER\SOURCE\RELEASE\MULTIATTACKHACKCHECK.OBJ
C:\MUSERVER_DEV\DEVELOPMENT\MU-S8EP2-REPACK\GAMESERVER\SOURCE\RELEASE\MULTIATTACKHACKCHECK.SBR
C:\MUSERVER_DEV\DEVELOPMENT\MU-S8EP2-REPACK\GAMESERVER\SOURCE\RELEASE\MULTIWAREHOUSESYSTEM.COD
C:\MUSERVER_DEV\DEVELOPMENT\MU-S8EP2-REPACK\GAMESERVER\SOURCE\RELEASE\MULTIWAREHOUSESYSTEM.OBJ
C:\MUSERVER_DEV\DEVELOPMENT\MU-S8EP2-REPACK\GAMESERVER\SOURCE\RELEASE\MULTIWAREHOUSESYSTEM.SBR
C:\MUSERVER_DEV\DEVELOPMENT\MU-S8EP2-REPACK\GAMESERVER\SOURCE\RELEASE\MULUA.COD
C:\MUSERVER_DEV\DEVELOPMENT\MU-S8EP2-REPACK\GAMESERVER\SOURCE\RELEASE\MULUA.OBJ
C:\MUSERVER_DEV\DEVELOPMENT\MU-S8EP2-REPACK\GAMESERVER\SOURCE\RELEASE\MULUA.SBR
C:\MUSERVER_DEV\DEVELOPMENT\MU-S8EP2-REPACK\GAMESERVER\SOURCE\RELEASE\MURUMMY.COD
C:\MUSERVER_DEV\DEVELOPMENT\MU-S8EP2-REPACK\GAMESERVER\SOURCE\RELEASE\MURUMMY.OBJ
C:\MUSERVER_DEV\DEVELOPMENT\MU-S8EP2-REPACK\GAMESERVER\SOURCE\RELEASE\MURUMMY.SBR
C:\MUSERVER_DEV\DEVELOPMENT\MU-S8EP2-REPACK\GAMESERVER\SOURCE\RELEASE\MUTIMER.COD
C:\MUSERVER_DEV\DEVELOPMENT\MU-S8EP2-REPACK\GAMESERVER\SOURCE\RELEASE\MUTIMER.OBJ
C:\MUSERVER_DEV\DEVELOPMENT\MU-S8EP2-REPACK\GAMESERVER\SOURCE\RELEASE\MUTIMER.SBR
C:\MUSERVER_DEV\DEVELOPMENT\MU-S8EP2-REPACK\GAMESERVER\SOURCE\RELEASE\MUUNSYSTEM.COD
C:\MUSERVER_DEV\DEVELOPMENT\MU-S8EP2-REPACK\GAMESERVER\SOURCE\RELEASE\MUUNSYSTEM.OBJ
C:\MUSERVER_DEV\DEVELOPMENT\MU-S8EP2-REPACK\GAMESERVER\SOURCE\RELEASE\MUUNSYSTEM.SBR
C:\MUSERVER_DEV\DEVELOPMENT\MU-S8EP2-REPACK\GAMESERVER\SOURCE\RELEASE\MYWINSOCKBASE.COD
C:\MUSERVER_DEV\DEVELOPMENT\MU-S8EP2-REPACK\GAMESERVER\SOURCE\RELEASE\MYWINSOCKBASE.OBJ
C:\MUSERVER_DEV\DEVELOPMENT\MU-S8EP2-REPACK\GAMESERVER\SOURCE\RELEASE\MYWINSOCKBASE.SBR
C:\MUSERVER_DEV\DEVELOPMENT\MU-S8EP2-REPACK\GAMESERVER\SOURCE\RELEASE\NEWPVP.COD
C:\MUSERVER_DEV\DEVELOPMENT\MU-S8EP2-REPACK\GAMESERVER\SOURCE\RELEASE\NEWPVP.OBJ
C:\MUSERVER_DEV\DEVELOPMENT\MU-S8EP2-REPACK\GAMESERVER\SOURCE\RELEASE\NEWPVP.SBR
C:\MUSERVER_DEV\DEVELOPMENT\MU-S8EP2-REPACK\GAMESERVER\SOURCE\RELEASE\NOTICE.COD
C:\MUSERVER_DEV\DEVELOPMENT\MU-S8EP2-REPACK\GAMESERVER\SOURCE\RELEASE\NOTICE.OBJ
C:\MUSERVER_DEV\DEVELOPMENT\MU-S8EP2-REPACK\GAMESERVER\SOURCE\RELEASE\NOTICE.SBR
C:\MUSERVER_DEV\DEVELOPMENT\MU-S8EP2-REPACK\GAMESERVER\SOURCE\RELEASE\NPCTALK.COD
C:\MUSERVER_DEV\DEVELOPMENT\MU-S8EP2-REPACK\GAMESERVER\SOURCE\RELEASE\NPCTALK.OBJ
C:\MUSERVER_DEV\DEVELOPMENT\MU-S8EP2-REPACK\GAMESERVER\SOURCE\RELEASE\NPCTALK.SBR
C:\MUSERVER_DEV\DEVELOPMENT\MU-S8EP2-REPACK\GAMESERVER\SOURCE\RELEASE\NSERIALCHECK.COD
C:\MUSERVER_DEV\DEVELOPMENT\MU-S8EP2-REPACK\GAMESERVER\SOURCE\RELEASE\NSERIALCHECK.OBJ
C:\MUSERVER_DEV\DEVELOPMENT\MU-S8EP2-REPACK\GAMESERVER\SOURCE\RELEASE\NSERIALCHECK.SBR
C:\MUSERVER_DEV\DEVELOPMENT\MU-S8EP2-REPACK\GAMESERVER\SOURCE\RELEASE\OBJATTACK.COD
C:\MUSERVER_DEV\DEVELOPMENT\MU-S8EP2-REPACK\GAMESERVER\SOURCE\RELEASE\OBJATTACK.OBJ
C:\MUSERVER_DEV\DEVELOPMENT\MU-S8EP2-REPACK\GAMESERVER\SOURCE\RELEASE\OBJATTACK.SBR
C:\MUSERVER_DEV\DEVELOPMENT\MU-S8EP2-REPACK\GAMESERVER\SOURCE\RELEASE\OBJBASEATTACK.COD
C:\MUSERVER_DEV\DEVELOPMENT\MU-S8EP2-REPACK\GAMESERVER\SOURCE\RELEASE\OBJBASEATTACK.OBJ
C:\MUSERVER_DEV\DEVELOPMENT\MU-S8EP2-REPACK\GAMESERVER\SOURCE\RELEASE\OBJBASEATTACK.SBR
C:\MUSERVER_DEV\DEVELOPMENT\MU-S8EP2-REPACK\GAMESERVER\SOURCE\RELEASE\OBJCALCHARACTER.COD
C:\MUSERVER_DEV\DEVELOPMENT\MU-S8EP2-REPACK\GAMESERVER\SOURCE\RELEASE\OBJCALCHARACTER.OBJ
C:\MUSERVER_DEV\DEVELOPMENT\MU-S8EP2-REPACK\GAMESERVER\SOURCE\RELEASE\OBJCALCHARACTER.SBR
C:\MUSERVER_DEV\DEVELOPMENT\MU-S8EP2-REPACK\GAMESERVER\SOURCE\RELEASE\OBJUSESKILL.COD
C:\MUSERVER_DEV\DEVELOPMENT\MU-S8EP2-REPACK\GAMESERVER\SOURCE\RELEASE\OBJUSESKILL.OBJ
C:\MUSERVER_DEV\DEVELOPMENT\MU-S8EP2-REPACK\GAMESERVER\SOURCE\RELEASE\OBJUSESKILL.SBR
C:\MUSERVER_DEV\DEVELOPMENT\MU-S8EP2-REPACK\GAMESERVER\SOURCE\RELEASE\OFFLINETRADE.COD
C:\MUSERVER_DEV\DEVELOPMENT\MU-S8EP2-REPACK\GAMESERVER\SOURCE\RELEASE\OFFLINETRADE.OBJ
C:\MUSERVER_DEV\DEVELOPMENT\MU-S8EP2-REPACK\GAMESERVER\SOURCE\RELEASE\OFFLINETRADE.SBR
C:\MUSERVER_DEV\DEVELOPMENT\MU-S8EP2-REPACK\GAMESERVER\SOURCE\RELEASE\PACKETCHECKSUM.COD
C:\MUSERVER_DEV\DEVELOPMENT\MU-S8EP2-REPACK\GAMESERVER\SOURCE\RELEASE\PACKETCHECKSUM.OBJ
C:\MUSERVER_DEV\DEVELOPMENT\MU-S8EP2-REPACK\GAMESERVER\SOURCE\RELEASE\PACKETCHECKSUM.SBR
C:\MUSERVER_DEV\DEVELOPMENT\MU-S8EP2-REPACK\GAMESERVER\SOURCE\RELEASE\PARTYCLASS.COD
C:\MUSERVER_DEV\DEVELOPMENT\MU-S8EP2-REPACK\GAMESERVER\SOURCE\RELEASE\PARTYCLASS.OBJ
C:\MUSERVER_DEV\DEVELOPMENT\MU-S8EP2-REPACK\GAMESERVER\SOURCE\RELEASE\PARTYCLASS.SBR
C:\MUSERVER_DEV\DEVELOPMENT\MU-S8EP2-REPACK\GAMESERVER\SOURCE\RELEASE\PAYMENTEX.COD
C:\MUSERVER_DEV\DEVELOPMENT\MU-S8EP2-REPACK\GAMESERVER\SOURCE\RELEASE\PAYMENTEX.OBJ
C:\MUSERVER_DEV\DEVELOPMENT\MU-S8EP2-REPACK\GAMESERVER\SOURCE\RELEASE\PAYMENTEX.SBR
C:\MUSERVER_DEV\DEVELOPMENT\MU-S8EP2-REPACK\GAMESERVER\SOURCE\RELEASE\PCBANGPOINTSYSTEM.COD
C:\MUSERVER_DEV\DEVELOPMENT\MU-S8EP2-REPACK\GAMESERVER\SOURCE\RELEASE\PCBANGPOINTSYSTEM.OBJ
C:\MUSERVER_DEV\DEVELOPMENT\MU-S8EP2-REPACK\GAMESERVER\SOURCE\RELEASE\PCBANGPOINTSYSTEM.SBR
C:\MUSERVER_DEV\DEVELOPMENT\MU-S8EP2-REPACK\GAMESERVER\SOURCE\RELEASE\PCBANGUSERSYSTEM.COD
C:\MUSERVER_DEV\DEVELOPMENT\MU-S8EP2-REPACK\GAMESERVER\SOURCE\RELEASE\PCBANGUSERSYSTEM.OBJ
C:\MUSERVER_DEV\DEVELOPMENT\MU-S8EP2-REPACK\GAMESERVER\SOURCE\RELEASE\PCBANGUSERSYSTEM.SBR
C:\MUSERVER_DEV\DEVELOPMENT\MU-S8EP2-REPACK\GAMESERVER\SOURCE\RELEASE\PERSONALSHOPMAPPING.SBR
C:\MUSERVER_DEV\DEVELOPMENT\MU-S8EP2-REPACK\GAMESERVER\SOURCE\RELEASE\PROTOCOL.COD
C:\MUSERVER_DEV\DEVELOPMENT\MU-S8EP2-REPACK\GAMESERVER\SOURCE\RELEASE\PROTOCOL.OBJ
C:\MUSERVER_DEV\DEVELOPMENT\MU-S8EP2-REPACK\GAMESERVER\SOURCE\RELEASE\PROTOCOL.SBR
C:\MUSERVER_DEV\DEVELOPMENT\MU-S8EP2-REPACK\GAMESERVER\SOURCE\RELEASE\PUGIXML.COD
C:\MUSERVER_DEV\DEVELOPMENT\MU-S8EP2-REPACK\GAMESERVER\SOURCE\RELEASE\PUGIXML.OBJ
C:\MUSERVER_DEV\DEVELOPMENT\MU-S8EP2-REPACK\GAMESERVER\SOURCE\RELEASE\PUGIXML.SBR
C:\MUSERVER_DEV\DEVELOPMENT\MU-S8EP2-REPACK\GAMESERVER\SOURCE\RELEASE\PVPBALANCE.COD
C:\MUSERVER_DEV\DEVELOPMENT\MU-S8EP2-REPACK\GAMESERVER\SOURCE\RELEASE\PVPBALANCE.OBJ
C:\MUSERVER_DEV\DEVELOPMENT\MU-S8EP2-REPACK\GAMESERVER\SOURCE\RELEASE\PVPBALANCE.SBR
C:\MUSERVER_DEV\DEVELOPMENT\MU-S8EP2-REPACK\GAMESERVER\SOURCE\RELEASE\QUESTINFO.COD
C:\MUSERVER_DEV\DEVELOPMENT\MU-S8EP2-REPACK\GAMESERVER\SOURCE\RELEASE\QUESTINFO.OBJ
C:\MUSERVER_DEV\DEVELOPMENT\MU-S8EP2-REPACK\GAMESERVER\SOURCE\RELEASE\QUESTINFO.SBR
C:\MUSERVER_DEV\DEVELOPMENT\MU-S8EP2-REPACK\GAMESERVER\SOURCE\RELEASE\QUEUETIMER.COD
C:\MUSERVER_DEV\DEVELOPMENT\MU-S8EP2-REPACK\GAMESERVER\SOURCE\RELEASE\QUEUETIMER.OBJ
C:\MUSERVER_DEV\DEVELOPMENT\MU-S8EP2-REPACK\GAMESERVER\SOURCE\RELEASE\QUEUETIMER.SBR
C:\MUSERVER_DEV\DEVELOPMENT\MU-S8EP2-REPACK\GAMESERVER\SOURCE\RELEASE\RAKLION.COD
C:\MUSERVER_DEV\DEVELOPMENT\MU-S8EP2-REPACK\GAMESERVER\SOURCE\RELEASE\RAKLION.OBJ
C:\MUSERVER_DEV\DEVELOPMENT\MU-S8EP2-REPACK\GAMESERVER\SOURCE\RELEASE\RAKLION.SBR
C:\MUSERVER_DEV\DEVELOPMENT\MU-S8EP2-REPACK\GAMESERVER\SOURCE\RELEASE\RAKLIONBATTLEOFSELUPAN.COD
C:\MUSERVER_DEV\DEVELOPMENT\MU-S8EP2-REPACK\GAMESERVER\SOURCE\RELEASE\RAKLIONBATTLEOFSELUPAN.OBJ
C:\MUSERVER_DEV\DEVELOPMENT\MU-S8EP2-REPACK\GAMESERVER\SOURCE\RELEASE\RAKLIONBATTLEOFSELUPAN.SBR
C:\MUSERVER_DEV\DEVELOPMENT\MU-S8EP2-REPACK\GAMESERVER\SOURCE\RELEASE\RAKLIONBATTLEUSER.COD
C:\MUSERVER_DEV\DEVELOPMENT\MU-S8EP2-REPACK\GAMESERVER\SOURCE\RELEASE\RAKLIONBATTLEUSER.OBJ
C:\MUSERVER_DEV\DEVELOPMENT\MU-S8EP2-REPACK\GAMESERVER\SOURCE\RELEASE\RAKLIONBATTLEUSER.SBR
C:\MUSERVER_DEV\DEVELOPMENT\MU-S8EP2-REPACK\GAMESERVER\SOURCE\RELEASE\RAKLIONBATTLEUSERMNG.COD
C:\MUSERVER_DEV\DEVELOPMENT\MU-S8EP2-REPACK\GAMESERVER\SOURCE\RELEASE\RAKLIONBATTLEUSERMNG.OBJ
C:\MUSERVER_DEV\DEVELOPMENT\MU-S8EP2-REPACK\GAMESERVER\SOURCE\RELEASE\RAKLIONBATTLEUSERMNG.SBR
C:\MUSERVER_DEV\DEVELOPMENT\MU-S8EP2-REPACK\GAMESERVER\SOURCE\RELEASE\RAKLIONOBJINFO.COD
C:\MUSERVER_DEV\DEVELOPMENT\MU-S8EP2-REPACK\GAMESERVER\SOURCE\RELEASE\RAKLIONOBJINFO.OBJ
C:\MUSERVER_DEV\DEVELOPMENT\MU-S8EP2-REPACK\GAMESERVER\SOURCE\RELEASE\RAKLIONOBJINFO.SBR
C:\MUSERVER_DEV\DEVELOPMENT\MU-S8EP2-REPACK\GAMESERVER\SOURCE\RELEASE\RAKLIONSELUPAN.COD
C:\MUSERVER_DEV\DEVELOPMENT\MU-S8EP2-REPACK\GAMESERVER\SOURCE\RELEASE\RAKLIONSELUPAN.OBJ
C:\MUSERVER_DEV\DEVELOPMENT\MU-S8EP2-REPACK\GAMESERVER\SOURCE\RELEASE\RAKLIONSELUPAN.SBR
C:\MUSERVER_DEV\DEVELOPMENT\MU-S8EP2-REPACK\GAMESERVER\SOURCE\RELEASE\RAKLIONUTIL.COD
C:\MUSERVER_DEV\DEVELOPMENT\MU-S8EP2-REPACK\GAMESERVER\SOURCE\RELEASE\RAKLIONUTIL.OBJ
C:\MUSERVER_DEV\DEVELOPMENT\MU-S8EP2-REPACK\GAMESERVER\SOURCE\RELEASE\RAKLIONUTIL.SBR
C:\muserver_dev\development\MU-S8EP2-Repack\GameServer\Source\Release\rc.command.1.tlog
C:\muserver_dev\development\MU-S8EP2-Repack\GameServer\Source\Release\rc.read.1.tlog
C:\muserver_dev\development\MU-S8EP2-Repack\GameServer\Source\Release\rc.write.1.tlog
C:\MUSERVER_DEV\DEVELOPMENT\MU-S8EP2-REPACK\GAMESERVER\SOURCE\RELEASE\RECONNECT.COD
C:\MUSERVER_DEV\DEVELOPMENT\MU-S8EP2-REPACK\GAMESERVER\SOURCE\RELEASE\RECONNECT.OBJ
C:\MUSERVER_DEV\DEVELOPMENT\MU-S8EP2-REPACK\GAMESERVER\SOURCE\RELEASE\RECONNECT.SBR
C:\MUSERVER_DEV\DEVELOPMENT\MU-S8EP2-REPACK\GAMESERVER\SOURCE\RELEASE\RESETSYSTEM.COD
C:\MUSERVER_DEV\DEVELOPMENT\MU-S8EP2-REPACK\GAMESERVER\SOURCE\RELEASE\RESETSYSTEM.OBJ
C:\MUSERVER_DEV\DEVELOPMENT\MU-S8EP2-REPACK\GAMESERVER\SOURCE\RELEASE\RESETSYSTEM.SBR
C:\MUSERVER_DEV\DEVELOPMENT\MU-S8EP2-REPACK\GAMESERVER\SOURCE\RELEASE\RINGATTACKEVENT.COD
C:\MUSERVER_DEV\DEVELOPMENT\MU-S8EP2-REPACK\GAMESERVER\SOURCE\RELEASE\RINGATTACKEVENT.OBJ
C:\MUSERVER_DEV\DEVELOPMENT\MU-S8EP2-REPACK\GAMESERVER\SOURCE\RELEASE\RINGATTACKEVENT.SBR
C:\MUSERVER_DEV\DEVELOPMENT\MU-S8EP2-REPACK\GAMESERVER\SOURCE\RELEASE\SETITEMMACRO.COD
C:\MUSERVER_DEV\DEVELOPMENT\MU-S8EP2-REPACK\GAMESERVER\SOURCE\RELEASE\SETITEMMACRO.OBJ
C:\MUSERVER_DEV\DEVELOPMENT\MU-S8EP2-REPACK\GAMESERVER\SOURCE\RELEASE\SETITEMMACRO.SBR
C:\MUSERVER_DEV\DEVELOPMENT\MU-S8EP2-REPACK\GAMESERVER\SOURCE\RELEASE\SETITEMOPTION.COD
C:\MUSERVER_DEV\DEVELOPMENT\MU-S8EP2-REPACK\GAMESERVER\SOURCE\RELEASE\SETITEMOPTION.OBJ
C:\MUSERVER_DEV\DEVELOPMENT\MU-S8EP2-REPACK\GAMESERVER\SOURCE\RELEASE\SETITEMOPTION.SBR
C:\MUSERVER_DEV\DEVELOPMENT\MU-S8EP2-REPACK\GAMESERVER\SOURCE\RELEASE\SHOP.COD
C:\MUSERVER_DEV\DEVELOPMENT\MU-S8EP2-REPACK\GAMESERVER\SOURCE\RELEASE\SHOP.OBJ
C:\MUSERVER_DEV\DEVELOPMENT\MU-S8EP2-REPACK\GAMESERVER\SOURCE\RELEASE\SHOP.SBR
C:\MUSERVER_DEV\DEVELOPMENT\MU-S8EP2-REPACK\GAMESERVER\SOURCE\RELEASE\SHOPBOARD.COD
C:\MUSERVER_DEV\DEVELOPMENT\MU-S8EP2-REPACK\GAMESERVER\SOURCE\RELEASE\SHOPBOARD.OBJ
C:\MUSERVER_DEV\DEVELOPMENT\MU-S8EP2-REPACK\GAMESERVER\SOURCE\RELEASE\SHOPBOARD.SBR
C:\MUSERVER_DEV\DEVELOPMENT\MU-S8EP2-REPACK\GAMESERVER\SOURCE\RELEASE\SHOPPOINTEX.COD
C:\MUSERVER_DEV\DEVELOPMENT\MU-S8EP2-REPACK\GAMESERVER\SOURCE\RELEASE\SHOPPOINTEX.OBJ
C:\MUSERVER_DEV\DEVELOPMENT\MU-S8EP2-REPACK\GAMESERVER\SOURCE\RELEASE\SHOPPOINTEX.SBR
C:\MUSERVER_DEV\DEVELOPMENT\MU-S8EP2-REPACK\GAMESERVER\SOURCE\RELEASE\SIMPLEMODULUS.COD
C:\MUSERVER_DEV\DEVELOPMENT\MU-S8EP2-REPACK\GAMESERVER\SOURCE\RELEASE\SIMPLEMODULUS.OBJ
C:\MUSERVER_DEV\DEVELOPMENT\MU-S8EP2-REPACK\GAMESERVER\SOURCE\RELEASE\SIMPLEMODULUS.SBR
C:\MUSERVER_DEV\DEVELOPMENT\MU-S8EP2-REPACK\GAMESERVER\SOURCE\RELEASE\SKILLADDITIONINFO.COD
C:\MUSERVER_DEV\DEVELOPMENT\MU-S8EP2-REPACK\GAMESERVER\SOURCE\RELEASE\SKILLADDITIONINFO.OBJ
C:\MUSERVER_DEV\DEVELOPMENT\MU-S8EP2-REPACK\GAMESERVER\SOURCE\RELEASE\SKILLADDITIONINFO.SBR
C:\MUSERVER_DEV\DEVELOPMENT\MU-S8EP2-REPACK\GAMESERVER\SOURCE\RELEASE\SKILLDELAY.COD
C:\MUSERVER_DEV\DEVELOPMENT\MU-S8EP2-REPACK\GAMESERVER\SOURCE\RELEASE\SKILLDELAY.OBJ
C:\MUSERVER_DEV\DEVELOPMENT\MU-S8EP2-REPACK\GAMESERVER\SOURCE\RELEASE\SKILLDELAY.SBR
C:\MUSERVER_DEV\DEVELOPMENT\MU-S8EP2-REPACK\GAMESERVER\SOURCE\RELEASE\SKILLHITBOX.COD
C:\MUSERVER_DEV\DEVELOPMENT\MU-S8EP2-REPACK\GAMESERVER\SOURCE\RELEASE\SKILLHITBOX.OBJ
C:\MUSERVER_DEV\DEVELOPMENT\MU-S8EP2-REPACK\GAMESERVER\SOURCE\RELEASE\SKILLHITBOX.SBR
C:\MUSERVER_DEV\DEVELOPMENT\MU-S8EP2-REPACK\GAMESERVER\SOURCE\RELEASE\SNAKEBEGINS.COD
C:\MUSERVER_DEV\DEVELOPMENT\MU-S8EP2-REPACK\GAMESERVER\SOURCE\RELEASE\SNAKEBEGINS.OBJ
C:\MUSERVER_DEV\DEVELOPMENT\MU-S8EP2-REPACK\GAMESERVER\SOURCE\RELEASE\SNAKEBEGINS.SBR
C:\MUSERVER_DEV\DEVELOPMENT\MU-S8EP2-REPACK\GAMESERVER\SOURCE\RELEASE\SOCKETITEMOPTION.COD
C:\MUSERVER_DEV\DEVELOPMENT\MU-S8EP2-REPACK\GAMESERVER\SOURCE\RELEASE\SOCKETITEMOPTION.OBJ
C:\MUSERVER_DEV\DEVELOPMENT\MU-S8EP2-REPACK\GAMESERVER\SOURCE\RELEASE\SOCKETITEMOPTION.SBR
C:\MUSERVER_DEV\DEVELOPMENT\MU-S8EP2-REPACK\GAMESERVER\SOURCE\RELEASE\SOULSYSTEM.COD
C:\MUSERVER_DEV\DEVELOPMENT\MU-S8EP2-REPACK\GAMESERVER\SOURCE\RELEASE\SOULSYSTEM.OBJ
C:\MUSERVER_DEV\DEVELOPMENT\MU-S8EP2-REPACK\GAMESERVER\SOURCE\RELEASE\SOULSYSTEM.SBR
C:\MUSERVER_DEV\DEVELOPMENT\MU-S8EP2-REPACK\GAMESERVER\SOURCE\RELEASE\SPROTOCOL.COD
C:\MUSERVER_DEV\DEVELOPMENT\MU-S8EP2-REPACK\GAMESERVER\SOURCE\RELEASE\SPROTOCOL.OBJ
C:\MUSERVER_DEV\DEVELOPMENT\MU-S8EP2-REPACK\GAMESERVER\SOURCE\RELEASE\SPROTOCOL.SBR
C:\MUSERVER_DEV\DEVELOPMENT\MU-S8EP2-REPACK\GAMESERVER\SOURCE\RELEASE\STATGEM.COD
C:\MUSERVER_DEV\DEVELOPMENT\MU-S8EP2-REPACK\GAMESERVER\SOURCE\RELEASE\STATGEM.OBJ
C:\MUSERVER_DEV\DEVELOPMENT\MU-S8EP2-REPACK\GAMESERVER\SOURCE\RELEASE\STATGEM.SBR
C:\MUSERVER_DEV\DEVELOPMENT\MU-S8EP2-REPACK\GAMESERVER\SOURCE\RELEASE\STATMNG.COD
C:\MUSERVER_DEV\DEVELOPMENT\MU-S8EP2-REPACK\GAMESERVER\SOURCE\RELEASE\STATMNG.OBJ
C:\MUSERVER_DEV\DEVELOPMENT\MU-S8EP2-REPACK\GAMESERVER\SOURCE\RELEASE\STATMNG.SBR
C:\MUSERVER_DEV\DEVELOPMENT\MU-S8EP2-REPACK\GAMESERVER\SOURCE\RELEASE\STDAFX.COD
C:\MUSERVER_DEV\DEVELOPMENT\MU-S8EP2-REPACK\GAMESERVER\SOURCE\RELEASE\STDAFX.OBJ
C:\MUSERVER_DEV\DEVELOPMENT\MU-S8EP2-REPACK\GAMESERVER\SOURCE\RELEASE\STDAFX.SBR
C:\MUSERVER_DEV\DEVELOPMENT\MU-S8EP2-REPACK\GAMESERVER\SOURCE\RELEASE\SUMMONSPOT.COD
C:\MUSERVER_DEV\DEVELOPMENT\MU-S8EP2-REPACK\GAMESERVER\SOURCE\RELEASE\SUMMONSPOT.OBJ
C:\MUSERVER_DEV\DEVELOPMENT\MU-S8EP2-REPACK\GAMESERVER\SOURCE\RELEASE\SUMMONSPOT.SBR
C:\MUSERVER_DEV\DEVELOPMENT\MU-S8EP2-REPACK\GAMESERVER\SOURCE\RELEASE\TDURMAGICKEYCHECKER.COD
C:\MUSERVER_DEV\DEVELOPMENT\MU-S8EP2-REPACK\GAMESERVER\SOURCE\RELEASE\TDURMAGICKEYCHECKER.OBJ
C:\MUSERVER_DEV\DEVELOPMENT\MU-S8EP2-REPACK\GAMESERVER\SOURCE\RELEASE\TDURMAGICKEYCHECKER.SBR
C:\MUSERVER_DEV\DEVELOPMENT\MU-S8EP2-REPACK\GAMESERVER\SOURCE\RELEASE\TEMPORARYUSERMANAGER.COD
C:\MUSERVER_DEV\DEVELOPMENT\MU-S8EP2-REPACK\GAMESERVER\SOURCE\RELEASE\TEMPORARYUSERMANAGER.OBJ
C:\MUSERVER_DEV\DEVELOPMENT\MU-S8EP2-REPACK\GAMESERVER\SOURCE\RELEASE\TEMPORARYUSERMANAGER.SBR
C:\MUSERVER_DEV\DEVELOPMENT\MU-S8EP2-REPACK\GAMESERVER\SOURCE\RELEASE\TMONSTERAI.COD
C:\MUSERVER_DEV\DEVELOPMENT\MU-S8EP2-REPACK\GAMESERVER\SOURCE\RELEASE\TMONSTERAI.OBJ
C:\MUSERVER_DEV\DEVELOPMENT\MU-S8EP2-REPACK\GAMESERVER\SOURCE\RELEASE\TMONSTERAI.SBR
C:\MUSERVER_DEV\DEVELOPMENT\MU-S8EP2-REPACK\GAMESERVER\SOURCE\RELEASE\TMONSTERAIAGRO.COD
C:\MUSERVER_DEV\DEVELOPMENT\MU-S8EP2-REPACK\GAMESERVER\SOURCE\RELEASE\TMONSTERAIAGRO.OBJ
C:\MUSERVER_DEV\DEVELOPMENT\MU-S8EP2-REPACK\GAMESERVER\SOURCE\RELEASE\TMONSTERAIAGRO.SBR
C:\MUSERVER_DEV\DEVELOPMENT\MU-S8EP2-REPACK\GAMESERVER\SOURCE\RELEASE\TMONSTERAIAUTOMATA.COD
C:\MUSERVER_DEV\DEVELOPMENT\MU-S8EP2-REPACK\GAMESERVER\SOURCE\RELEASE\TMONSTERAIAUTOMATA.OBJ
C:\MUSERVER_DEV\DEVELOPMENT\MU-S8EP2-REPACK\GAMESERVER\SOURCE\RELEASE\TMONSTERAIAUTOMATA.SBR
C:\MUSERVER_DEV\DEVELOPMENT\MU-S8EP2-REPACK\GAMESERVER\SOURCE\RELEASE\TMONSTERAIELEMENT.COD
C:\MUSERVER_DEV\DEVELOPMENT\MU-S8EP2-REPACK\GAMESERVER\SOURCE\RELEASE\TMONSTERAIELEMENT.OBJ
C:\MUSERVER_DEV\DEVELOPMENT\MU-S8EP2-REPACK\GAMESERVER\SOURCE\RELEASE\TMONSTERAIELEMENT.SBR
C:\MUSERVER_DEV\DEVELOPMENT\MU-S8EP2-REPACK\GAMESERVER\SOURCE\RELEASE\TMONSTERAIGROUP.COD
C:\MUSERVER_DEV\DEVELOPMENT\MU-S8EP2-REPACK\GAMESERVER\SOURCE\RELEASE\TMONSTERAIGROUP.OBJ
C:\MUSERVER_DEV\DEVELOPMENT\MU-S8EP2-REPACK\GAMESERVER\SOURCE\RELEASE\TMONSTERAIGROUP.SBR
C:\MUSERVER_DEV\DEVELOPMENT\MU-S8EP2-REPACK\GAMESERVER\SOURCE\RELEASE\TMONSTERAIGROUPMEMBER.COD
C:\MUSERVER_DEV\DEVELOPMENT\MU-S8EP2-REPACK\GAMESERVER\SOURCE\RELEASE\TMONSTERAIGROUPMEMBER.OBJ
C:\MUSERVER_DEV\DEVELOPMENT\MU-S8EP2-REPACK\GAMESERVER\SOURCE\RELEASE\TMONSTERAIGROUPMEMBER.SBR
C:\MUSERVER_DEV\DEVELOPMENT\MU-S8EP2-REPACK\GAMESERVER\SOURCE\RELEASE\TMONSTERAIMOVEPATH.COD
C:\MUSERVER_DEV\DEVELOPMENT\MU-S8EP2-REPACK\GAMESERVER\SOURCE\RELEASE\TMONSTERAIMOVEPATH.OBJ
C:\MUSERVER_DEV\DEVELOPMENT\MU-S8EP2-REPACK\GAMESERVER\SOURCE\RELEASE\TMONSTERAIMOVEPATH.SBR
C:\MUSERVER_DEV\DEVELOPMENT\MU-S8EP2-REPACK\GAMESERVER\SOURCE\RELEASE\TMONSTERAIUNIT.COD
C:\MUSERVER_DEV\DEVELOPMENT\MU-S8EP2-REPACK\GAMESERVER\SOURCE\RELEASE\TMONSTERAIUNIT.OBJ
C:\MUSERVER_DEV\DEVELOPMENT\MU-S8EP2-REPACK\GAMESERVER\SOURCE\RELEASE\TMONSTERAIUNIT.SBR
C:\MUSERVER_DEV\DEVELOPMENT\MU-S8EP2-REPACK\GAMESERVER\SOURCE\RELEASE\TMONSTERAIUTIL.COD
C:\MUSERVER_DEV\DEVELOPMENT\MU-S8EP2-REPACK\GAMESERVER\SOURCE\RELEASE\TMONSTERAIUTIL.OBJ
C:\MUSERVER_DEV\DEVELOPMENT\MU-S8EP2-REPACK\GAMESERVER\SOURCE\RELEASE\TMONSTERAIUTIL.SBR
C:\MUSERVER_DEV\DEVELOPMENT\MU-S8EP2-REPACK\GAMESERVER\SOURCE\RELEASE\TMONSTERSKILLELEMENT.COD
C:\MUSERVER_DEV\DEVELOPMENT\MU-S8EP2-REPACK\GAMESERVER\SOURCE\RELEASE\TMONSTERSKILLELEMENT.OBJ
C:\MUSERVER_DEV\DEVELOPMENT\MU-S8EP2-REPACK\GAMESERVER\SOURCE\RELEASE\TMONSTERSKILLELEMENT.SBR
C:\MUSERVER_DEV\DEVELOPMENT\MU-S8EP2-REPACK\GAMESERVER\SOURCE\RELEASE\TMONSTERSKILLELEMENTINFO.COD
C:\MUSERVER_DEV\DEVELOPMENT\MU-S8EP2-REPACK\GAMESERVER\SOURCE\RELEASE\TMONSTERSKILLELEMENTINFO.OBJ
C:\MUSERVER_DEV\DEVELOPMENT\MU-S8EP2-REPACK\GAMESERVER\SOURCE\RELEASE\TMONSTERSKILLELEMENTINFO.SBR
C:\MUSERVER_DEV\DEVELOPMENT\MU-S8EP2-REPACK\GAMESERVER\SOURCE\RELEASE\TMONSTERSKILLMANAGER.COD
C:\MUSERVER_DEV\DEVELOPMENT\MU-S8EP2-REPACK\GAMESERVER\SOURCE\RELEASE\TMONSTERSKILLMANAGER.OBJ
C:\MUSERVER_DEV\DEVELOPMENT\MU-S8EP2-REPACK\GAMESERVER\SOURCE\RELEASE\TMONSTERSKILLMANAGER.SBR
C:\MUSERVER_DEV\DEVELOPMENT\MU-S8EP2-REPACK\GAMESERVER\SOURCE\RELEASE\TMONSTERSKILLUNIT.COD
C:\MUSERVER_DEV\DEVELOPMENT\MU-S8EP2-REPACK\GAMESERVER\SOURCE\RELEASE\TMONSTERSKILLUNIT.OBJ
C:\MUSERVER_DEV\DEVELOPMENT\MU-S8EP2-REPACK\GAMESERVER\SOURCE\RELEASE\TMONSTERSKILLUNIT.SBR
C:\MUSERVER_DEV\DEVELOPMENT\MU-S8EP2-REPACK\GAMESERVER\SOURCE\RELEASE\TNOTICE.COD
C:\MUSERVER_DEV\DEVELOPMENT\MU-S8EP2-REPACK\GAMESERVER\SOURCE\RELEASE\TNOTICE.OBJ
C:\MUSERVER_DEV\DEVELOPMENT\MU-S8EP2-REPACK\GAMESERVER\SOURCE\RELEASE\TNOTICE.SBR
C:\MUSERVER_DEV\DEVELOPMENT\MU-S8EP2-REPACK\GAMESERVER\SOURCE\RELEASE\TRANDOMPOOLMGR.COD
C:\MUSERVER_DEV\DEVELOPMENT\MU-S8EP2-REPACK\GAMESERVER\SOURCE\RELEASE\TRANDOMPOOLMGR.OBJ
C:\MUSERVER_DEV\DEVELOPMENT\MU-S8EP2-REPACK\GAMESERVER\SOURCE\RELEASE\TRANDOMPOOLMGR.SBR
C:\MUSERVER_DEV\DEVELOPMENT\MU-S8EP2-REPACK\GAMESERVER\SOURCE\RELEASE\TSERVERINFODISPLAYER.COD
C:\MUSERVER_DEV\DEVELOPMENT\MU-S8EP2-REPACK\GAMESERVER\SOURCE\RELEASE\TSERVERINFODISPLAYER.OBJ
C:\MUSERVER_DEV\DEVELOPMENT\MU-S8EP2-REPACK\GAMESERVER\SOURCE\RELEASE\TSERVERINFODISPLAYER.SBR
C:\MUSERVER_DEV\DEVELOPMENT\MU-S8EP2-REPACK\GAMESERVER\SOURCE\RELEASE\TSYNC.COD
C:\MUSERVER_DEV\DEVELOPMENT\MU-S8EP2-REPACK\GAMESERVER\SOURCE\RELEASE\TSYNC.OBJ
C:\MUSERVER_DEV\DEVELOPMENT\MU-S8EP2-REPACK\GAMESERVER\SOURCE\RELEASE\TSYNC.SBR
C:\MUSERVER_DEV\DEVELOPMENT\MU-S8EP2-REPACK\GAMESERVER\SOURCE\RELEASE\TUNION.COD
C:\MUSERVER_DEV\DEVELOPMENT\MU-S8EP2-REPACK\GAMESERVER\SOURCE\RELEASE\TUNION.OBJ
C:\MUSERVER_DEV\DEVELOPMENT\MU-S8EP2-REPACK\GAMESERVER\SOURCE\RELEASE\TUNION.SBR
C:\MUSERVER_DEV\DEVELOPMENT\MU-S8EP2-REPACK\GAMESERVER\SOURCE\RELEASE\TUNIONINFO.COD
C:\MUSERVER_DEV\DEVELOPMENT\MU-S8EP2-REPACK\GAMESERVER\SOURCE\RELEASE\TUNIONINFO.OBJ
C:\MUSERVER_DEV\DEVELOPMENT\MU-S8EP2-REPACK\GAMESERVER\SOURCE\RELEASE\TUNIONINFO.SBR
C:\MUSERVER_DEV\DEVELOPMENT\MU-S8EP2-REPACK\GAMESERVER\SOURCE\RELEASE\USER.COD
C:\MUSERVER_DEV\DEVELOPMENT\MU-S8EP2-REPACK\GAMESERVER\SOURCE\RELEASE\USER.OBJ
C:\MUSERVER_DEV\DEVELOPMENT\MU-S8EP2-REPACK\GAMESERVER\SOURCE\RELEASE\USER.SBR
C:\MUSERVER_DEV\DEVELOPMENT\MU-S8EP2-REPACK\GAMESERVER\SOURCE\RELEASE\USERDIEITEMDROP.COD
C:\MUSERVER_DEV\DEVELOPMENT\MU-S8EP2-REPACK\GAMESERVER\SOURCE\RELEASE\USERDIEITEMDROP.OBJ
C:\MUSERVER_DEV\DEVELOPMENT\MU-S8EP2-REPACK\GAMESERVER\SOURCE\RELEASE\USERDIEITEMDROP.SBR
C:\MUSERVER_DEV\DEVELOPMENT\MU-S8EP2-REPACK\GAMESERVER\SOURCE\RELEASE\VC100.PDB
C:\MUSERVER_DEV\DEVELOPMENT\MU-S8EP2-REPACK\GAMESERVER\SOURCE\RELEASE\VIEWPORTGUILD.COD
C:\MUSERVER_DEV\DEVELOPMENT\MU-S8EP2-REPACK\GAMESERVER\SOURCE\RELEASE\VIEWPORTGUILD.OBJ
C:\MUSERVER_DEV\DEVELOPMENT\MU-S8EP2-REPACK\GAMESERVER\SOURCE\RELEASE\VIEWPORTGUILD.SBR
C:\MUSERVER_DEV\DEVELOPMENT\MU-S8EP2-REPACK\GAMESERVER\SOURCE\RELEASE\WEAPON.COD
C:\MUSERVER_DEV\DEVELOPMENT\MU-S8EP2-REPACK\GAMESERVER\SOURCE\RELEASE\WEAPON.OBJ
C:\MUSERVER_DEV\DEVELOPMENT\MU-S8EP2-REPACK\GAMESERVER\SOURCE\RELEASE\WEAPON.SBR
C:\MUSERVER_DEV\DEVELOPMENT\MU-S8EP2-REPACK\GAMESERVER\SOURCE\RELEASE\WHISPERCASH.COD
C:\MUSERVER_DEV\DEVELOPMENT\MU-S8EP2-REPACK\GAMESERVER\SOURCE\RELEASE\WHISPERCASH.OBJ
C:\MUSERVER_DEV\DEVELOPMENT\MU-S8EP2-REPACK\GAMESERVER\SOURCE\RELEASE\WHISPERCASH.SBR
C:\MUSERVER_DEV\DEVELOPMENT\MU-S8EP2-REPACK\GAMESERVER\SOURCE\RELEASE\WINUTIL.COD
C:\MUSERVER_DEV\DEVELOPMENT\MU-S8EP2-REPACK\GAMESERVER\SOURCE\RELEASE\WINUTIL.OBJ
C:\MUSERVER_DEV\DEVELOPMENT\MU-S8EP2-REPACK\GAMESERVER\SOURCE\RELEASE\WINUTIL.SBR
C:\MUSERVER_DEV\DEVELOPMENT\MU-S8EP2-REPACK\GAMESERVER\SOURCE\RELEASE\WSGAMESERVER.COD
C:\MUSERVER_DEV\DEVELOPMENT\MU-S8EP2-REPACK\GAMESERVER\SOURCE\RELEASE\WSGAMESERVER.OBJ
C:\MUSERVER_DEV\DEVELOPMENT\MU-S8EP2-REPACK\GAMESERVER\SOURCE\RELEASE\WSGAMESERVER.SBR
C:\MUSERVER_DEV\DEVELOPMENT\MU-S8EP2-REPACK\GAMESERVER\SOURCE\RELEASE\WSJOINSERVERCLI.COD
C:\MUSERVER_DEV\DEVELOPMENT\MU-S8EP2-REPACK\GAMESERVER\SOURCE\RELEASE\WSJOINSERVERCLI.OBJ
C:\MUSERVER_DEV\DEVELOPMENT\MU-S8EP2-REPACK\GAMESERVER\SOURCE\RELEASE\WSJOINSERVERCLI.SBR
C:\MUSERVER_DEV\DEVELOPMENT\MU-S8EP2-REPACK\GAMESERVER\SOURCE\RELEASE\WSSHOPSERVERCLI.COD
C:\MUSERVER_DEV\DEVELOPMENT\MU-S8EP2-REPACK\GAMESERVER\SOURCE\RELEASE\WSSHOPSERVERCLI.OBJ
C:\MUSERVER_DEV\DEVELOPMENT\MU-S8EP2-REPACK\GAMESERVER\SOURCE\RELEASE\WSSHOPSERVERCLI.SBR
C:\MUSERVER_DEV\DEVELOPMENT\MU-S8EP2-REPACK\GAMESERVER\SOURCE\RELEASE\WZMEMSCRIPT.COD
C:\MUSERVER_DEV\DEVELOPMENT\MU-S8EP2-REPACK\GAMESERVER\SOURCE\RELEASE\WZMEMSCRIPT.OBJ
C:\MUSERVER_DEV\DEVELOPMENT\MU-S8EP2-REPACK\GAMESERVER\SOURCE\RELEASE\WZMEMSCRIPT.SBR
C:\MUSERVER_DEV\DEVELOPMENT\MU-S8EP2-REPACK\GAMESERVER\SOURCE\RELEASE\WZQUEUE.COD
C:\MUSERVER_DEV\DEVELOPMENT\MU-S8EP2-REPACK\GAMESERVER\SOURCE\RELEASE\WZQUEUE.OBJ
C:\MUSERVER_DEV\DEVELOPMENT\MU-S8EP2-REPACK\GAMESERVER\SOURCE\RELEASE\WZQUEUE.SBR
C:\MUSERVER_DEV\DEVELOPMENT\MU-S8EP2-REPACK\GAMESERVER\SOURCE\RELEASE\WZSCRIPTENCODE.COD
C:\MUSERVER_DEV\DEVELOPMENT\MU-S8EP2-REPACK\GAMESERVER\SOURCE\RELEASE\WZSCRIPTENCODE.OBJ
C:\MUSERVER_DEV\DEVELOPMENT\MU-S8EP2-REPACK\GAMESERVER\SOURCE\RELEASE\WZSCRIPTENCODE.SBR
C:\MUSERVER_DEV\DEVELOPMENT\MU-S8EP2-REPACK\GAMESERVER\SOURCE\RELEASE\WZUDP.COD
C:\MUSERVER_DEV\DEVELOPMENT\MU-S8EP2-REPACK\GAMESERVER\SOURCE\RELEASE\WZUDP.OBJ
C:\MUSERVER_DEV\DEVELOPMENT\MU-S8EP2-REPACK\GAMESERVER\SOURCE\RELEASE\WZUDP.SBR
C:\MUSERVER_DEV\DEVELOPMENT\MU-S8EP2-REPACK\GAMESERVER\SOURCE\RELEASE\XMASATTACKEVENT.COD
C:\MUSERVER_DEV\DEVELOPMENT\MU-S8EP2-REPACK\GAMESERVER\SOURCE\RELEASE\XMASATTACKEVENT.OBJ
C:\MUSERVER_DEV\DEVELOPMENT\MU-S8EP2-REPACK\GAMESERVER\SOURCE\RELEASE\XMASATTACKEVENT.SBR
C:\MUSERVER_DEV\DEVELOPMENT\MU-S8EP2-REPACK\GAMESERVER\SOURCE\RELEASE\ZGAMESERVER.EXE.EMBED.MANIFEST
C:\MUSERVER_DEV\DEVELOPMENT\MU-S8EP2-REPACK\GAMESERVER\SOURCE\RELEASE\ZGAMESERVER.EXE.EMBED.MANIFEST.RES
C:\MUSERVER_DEV\DEVELOPMENT\MU-S8EP2-REPACK\GAMESERVER\SOURCE\RELEASE\ZGAMESERVER.EXE.INTERMEDIATE.MANIFEST
C:\MUSERVER_DEV\DEVELOPMENT\MU-S8EP2-REPACK\GAMESERVER\SOURCE\RELEASE\ZGAMESERVER.PCH
C:\muserver_dev\development\MU-S8EP2-Repack\GameServer\Source\Release\zGameServer.write.1.tlog
C:\muserver_dev\development\MU-S8EP2-Repack\GameServer\Source\Release\zGameServer_manifest.rc
C:\MUSERVER_DEV\DEVELOPMENT\MU-S8EP2-REPACK\GAMESERVER\SOURCE\RELEASE\ZTLOGGER.COD
C:\MUSERVER_DEV\DEVELOPMENT\MU-S8EP2-REPACK\GAMESERVER\SOURCE\RELEASE\ZTLOGGER.OBJ
C:\MUSERVER_DEV\DEVELOPMENT\MU-S8EP2-REPACK\GAMESERVER\SOURCE\RELEASE\ZTLOGGER.SBR
C:\MUSERVER_DEV\DEVELOPMENT\MU-S8EP2-REPACK\GAMESERVER\SOURCE\RELEASE\ZTLUABACKUP.COD
C:\MUSERVER_DEV\DEVELOPMENT\MU-S8EP2-REPACK\GAMESERVER\SOURCE\RELEASE\ZTLUABACKUP.OBJ
C:\MUSERVER_DEV\DEVELOPMENT\MU-S8EP2-REPACK\GAMESERVER\SOURCE\RELEASE\ZTLUABACKUP.SBR
C:\MUSERVER_DEV\DEVELOPMENT\MU-S8EP2-REPACK\GAMESERVER\SOURCE\RELEASE\ZZZITEM.COD
C:\MUSERVER_DEV\DEVELOPMENT\MU-S8EP2-REPACK\GAMESERVER\SOURCE\RELEASE\ZZZITEM.OBJ
C:\MUSERVER_DEV\DEVELOPMENT\MU-S8EP2-REPACK\GAMESERVER\SOURCE\RELEASE\ZZZITEM.SBR
C:\MUSERVER_DEV\DEVELOPMENT\MU-S8EP2-REPACK\GAMESERVER\SOURCE\RELEASE\ZZZMATHLIB.COD
C:\MUSERVER_DEV\DEVELOPMENT\MU-S8EP2-REPACK\GAMESERVER\SOURCE\RELEASE\ZZZMATHLIB.OBJ
C:\MUSERVER_DEV\DEVELOPMENT\MU-S8EP2-REPACK\GAMESERVER\SOURCE\RELEASE\ZZZMATHLIB.SBR
