Build started 3/12/2016 1:20:09 a.m..
     1>Project "C:\muserver_dev\development\MU-S8EP2-Repack\MultiServer\Source\zMultiServer.vcxproj" on node 2 (Build target(s)).
     1>Link:
         C:\Program Files (x86)\Microsoft Visual Studio 12.0\VC\bin\link.exe /ERRORREPORT:PROMPT /OUT:"../Release/zMultiServer.exe" /INCREMENTAL:NO /NOLOGO /LIBPATH:C:\SDK\Lib odbc32.lib odbccp32.lib comctl32.lib ws2_32.lib kernel32.lib user32.lib gdi32.lib winspool.lib comdlg32.lib advapi32.lib shell32.lib ole32.lib oleaut32.lib uuid.lib odbc32.lib odbccp32.lib /MANIFEST /MANIFESTUAC:"level='asInvoker' uiAccess='false'" /manifest:embed /DEBUG /PDB:"C:\muserver_dev\development\MU-S8EP2-Repack\MultiServer\Release\zMultiServer.pdb" /MAP:"C:\muserver_dev\development\MU-S8EP2-Repack\MultiServer\Release\zMultiServer.map" /SUBSYSTEM:WINDOWS /TLBID:1 /DYNAMICBASE:NO /IMPLIB:"C:\muserver_dev\development\MU-S8EP2-Repack\MultiServer\Release\zMultiServer.lib" /MACHINE:X86 /SAFESEH Release\zMultiServer.res
         Release\Server.obj
         Release\giocp.obj
         Release\WzQueue.obj
         Release\WzUdp.obj
         Release\JoinServer.obj
         Release\DataServer.obj
         Release\Ranking.obj
         Release\EventServer.obj
         Release\CashShopServer.obj
         Release\CQuery.obj
         Release\JoinServerDB.obj
         Release\DataServerDB.obj
         Release\PartyClass.obj
         Release\GuildClass.obj
         Release\StdAfx.obj
         Release\CallStackTrace.obj
         Release\winutil.obj
         Release\MD5.obj
         Release\Window.obj
         Release\zMultiServer.obj
         zMultiServer.vcxproj -> C:\muserver_dev\development\MU-S8EP2-Repack\MultiServer\Release\zMultiServer.exe
       BscMake:
         C:\Program Files (x86)\Microsoft Visual Studio 12.0\VC\bin\bscmake.exe /nologo /o".\Release/zMultiServer.bsc" Release\Server.sbr Release\giocp.sbr Release\WzQueue.sbr Release\WzUdp.sbr Release\JoinServer.sbr Release\DataServer.sbr Release\Ranking.sbr Release\EventServer.sbr Release\CashShopServer.sbr Release\CQuery.sbr Release\JoinServerDB.sbr Release\DataServerDB.sbr Release\PartyClass.sbr Release\GuildClass.sbr Release\StdAfx.sbr Release\CallStackTrace.sbr Release\winutil.sbr Release\MD5.sbr Release\Window.sbr Release\zMultiServer.sbr
     1>Done Building Project "C:\muserver_dev\development\MU-S8EP2-Repack\MultiServer\Source\zMultiServer.vcxproj" (Build target(s)).

Build succeeded.

Time Elapsed 00:00:05.97
