C:\MUSERVER_DEV\DEVELOPMENT\MULTISERVER\RELEASE\ZMULTISERVER.EXE
C:\MUSERVER_DEV\DEVELOPMENT\MULTISERVER\RELEASE\ZMULTISERVER.MAP
C:\MUSERVER_DEV\DEVELOPMENT\MULTISERVER\RELEASE\ZMULTISERVER.PDB
C:\muserver_dev\development\MultiServer\Source\Release\BscMake.command.1.tlog
C:\muserver_dev\development\MultiServer\Source\Release\bscmake.read.1.tlog
C:\muserver_dev\development\MultiServer\Source\Release\bscmake.write.1.tlog
C:\MUSERVER_DEV\DEVELOPMENT\MULTISERVER\SOURCE\RELEASE\CALLSTACKTRACE.OBJ
C:\MUSERVER_DEV\DEVELOPMENT\MULTISERVER\SOURCE\RELEASE\CALLSTACKTRACE.SBR
C:\MUSERVER_DEV\DEVELOPMENT\MULTISERVER\SOURCE\RELEASE\CASHSHOPSERVER.OBJ
C:\MUSERVER_DEV\DEVELOPMENT\MULTISERVER\SOURCE\RELEASE\CASHSHOPSERVER.SBR
C:\muserver_dev\development\MultiServer\Source\Release\cl.command.1.tlog
C:\muserver_dev\development\MultiServer\Source\Release\CL.read.1.tlog
C:\muserver_dev\development\MultiServer\Source\Release\CL.write.1.tlog
C:\MUSERVER_DEV\DEVELOPMENT\MULTISERVER\SOURCE\RELEASE\CQUERY.OBJ
C:\MUSERVER_DEV\DEVELOPMENT\MULTISERVER\SOURCE\RELEASE\CQUERY.SBR
C:\MUSERVER_DEV\DEVELOPMENT\MULTISERVER\SOURCE\RELEASE\DATASERVER.OBJ
C:\MUSERVER_DEV\DEVELOPMENT\MULTISERVER\SOURCE\RELEASE\DATASERVER.SBR
C:\MUSERVER_DEV\DEVELOPMENT\MULTISERVER\SOURCE\RELEASE\DATASERVERDB.OBJ
C:\MUSERVER_DEV\DEVELOPMENT\MULTISERVER\SOURCE\RELEASE\DATASERVERDB.SBR
C:\MUSERVER_DEV\DEVELOPMENT\MULTISERVER\SOURCE\RELEASE\EVENTSERVER.OBJ
C:\MUSERVER_DEV\DEVELOPMENT\MULTISERVER\SOURCE\RELEASE\EVENTSERVER.SBR
C:\MUSERVER_DEV\DEVELOPMENT\MULTISERVER\SOURCE\RELEASE\GIOCP.OBJ
C:\MUSERVER_DEV\DEVELOPMENT\MULTISERVER\SOURCE\RELEASE\GIOCP.SBR
C:\MUSERVER_DEV\DEVELOPMENT\MULTISERVER\SOURCE\RELEASE\GUILDCLASS.OBJ
C:\MUSERVER_DEV\DEVELOPMENT\MULTISERVER\SOURCE\RELEASE\GUILDCLASS.SBR
C:\MUSERVER_DEV\DEVELOPMENT\MULTISERVER\SOURCE\RELEASE\JOINSERVER.OBJ
C:\MUSERVER_DEV\DEVELOPMENT\MULTISERVER\SOURCE\RELEASE\JOINSERVER.SBR
C:\MUSERVER_DEV\DEVELOPMENT\MULTISERVER\SOURCE\RELEASE\JOINSERVERDB.OBJ
C:\MUSERVER_DEV\DEVELOPMENT\MULTISERVER\SOURCE\RELEASE\JOINSERVERDB.SBR
C:\muserver_dev\development\MultiServer\Source\Release\link.command.1.tlog
C:\muserver_dev\development\MultiServer\Source\Release\link.read.1.tlog
C:\muserver_dev\development\MultiServer\Source\Release\link.write.1.tlog
C:\muserver_dev\development\MultiServer\Source\Release\link-cvtres.read.1.tlog
C:\muserver_dev\development\MultiServer\Source\Release\link-cvtres.write.1.tlog
C:\MUSERVER_DEV\DEVELOPMENT\MULTISERVER\SOURCE\RELEASE\MD5.OBJ
C:\MUSERVER_DEV\DEVELOPMENT\MULTISERVER\SOURCE\RELEASE\MD5.SBR
C:\muserver_dev\development\MultiServer\Source\Release\mt.command.1.tlog
C:\muserver_dev\development\MultiServer\Source\Release\mt.read.1.tlog
C:\muserver_dev\development\MultiServer\Source\Release\mt.write.1.tlog
C:\MUSERVER_DEV\DEVELOPMENT\MULTISERVER\SOURCE\RELEASE\PARTYCLASS.OBJ
C:\MUSERVER_DEV\DEVELOPMENT\MULTISERVER\SOURCE\RELEASE\PARTYCLASS.SBR
C:\MUSERVER_DEV\DEVELOPMENT\MULTISERVER\SOURCE\RELEASE\RANKING.OBJ
C:\MUSERVER_DEV\DEVELOPMENT\MULTISERVER\SOURCE\RELEASE\RANKING.SBR
C:\muserver_dev\development\MultiServer\Source\Release\rc.command.1.tlog
C:\muserver_dev\development\MultiServer\Source\Release\rc.read.1.tlog
C:\muserver_dev\development\MultiServer\Source\Release\rc.write.1.tlog
C:\MUSERVER_DEV\DEVELOPMENT\MULTISERVER\SOURCE\RELEASE\SERVER.OBJ
C:\MUSERVER_DEV\DEVELOPMENT\MULTISERVER\SOURCE\RELEASE\SERVER.SBR
C:\MUSERVER_DEV\DEVELOPMENT\MULTISERVER\SOURCE\RELEASE\STDAFX.OBJ
C:\MUSERVER_DEV\DEVELOPMENT\MULTISERVER\SOURCE\RELEASE\STDAFX.SBR
C:\MUSERVER_DEV\DEVELOPMENT\MULTISERVER\SOURCE\RELEASE\VC100.PDB
C:\MUSERVER_DEV\DEVELOPMENT\MULTISERVER\SOURCE\RELEASE\WINDOW.OBJ
C:\MUSERVER_DEV\DEVELOPMENT\MULTISERVER\SOURCE\RELEASE\WINDOW.SBR
C:\MUSERVER_DEV\DEVELOPMENT\MULTISERVER\SOURCE\RELEASE\WINUTIL.OBJ
C:\MUSERVER_DEV\DEVELOPMENT\MULTISERVER\SOURCE\RELEASE\WINUTIL.SBR
C:\MUSERVER_DEV\DEVELOPMENT\MULTISERVER\SOURCE\RELEASE\WZQUEUE.OBJ
C:\MUSERVER_DEV\DEVELOPMENT\MULTISERVER\SOURCE\RELEASE\WZQUEUE.SBR
C:\MUSERVER_DEV\DEVELOPMENT\MULTISERVER\SOURCE\RELEASE\WZUDP.OBJ
C:\MUSERVER_DEV\DEVELOPMENT\MULTISERVER\SOURCE\RELEASE\WZUDP.SBR
C:\MUSERVER_DEV\DEVELOPMENT\MULTISERVER\SOURCE\RELEASE\ZMULTISERVER.BSC
C:\MUSERVER_DEV\DEVELOPMENT\MULTISERVER\SOURCE\RELEASE\ZMULTISERVER.EXE.INTERMEDIATE.MANIFEST
C:\MUSERVER_DEV\DEVELOPMENT\MULTISERVER\SOURCE\RELEASE\ZMULTISERVER.OBJ
C:\MUSERVER_DEV\DEVELOPMENT\MULTISERVER\SOURCE\RELEASE\ZMULTISERVER.PCH
C:\MUSERVER_DEV\DEVELOPMENT\MULTISERVER\SOURCE\RELEASE\ZMULTISERVER.RES
C:\MUSERVER_DEV\DEVELOPMENT\MULTISERVER\SOURCE\RELEASE\ZMULTISERVER.SBR
C:\muserver_dev\development\MultiServer\Source\Release\zMultiServer.vcxprojResolveAssemblyReference.cache
C:\muserver_dev\development\MultiServer\Source\Release\zMultiServer.write.1.tlog
